[Wed Jul 10 17:36:48.023134 2024] [ssl:warn] [pid 1:tid 139942244128640] AH01906: admin.rainbowbank.com:443:0 server certificate is a CA certificate (BasicConstraints: CA == TRUE !?)
[Wed Jul 10 17:36:48.023241 2024] [ssl:warn] [pid 1:tid 139942244128640] AH01909: admin.rainbowbank.com:443:0 server certificate does NOT include an ID which matches the server name
[Wed Jul 10 17:36:48.025889 2024] [ssl:warn] [pid 1:tid 139942244128640] AH01906: admin.rainbowbank.com:443:0 server certificate is a CA certificate (BasicConstraints: CA == TRUE !?)
[Wed Jul 10 17:36:48.025899 2024] [ssl:warn] [pid 1:tid 139942244128640] AH01909: admin.rainbowbank.com:443:0 server certificate does NOT include an ID which matches the server name
[Wed Jul 10 18:32:38.431379 2024] [ssl:warn] [pid 1:tid 140206209468288] AH01906: admin.rainbowbank.com:443:0 server certificate is a CA certificate (BasicConstraints: CA == TRUE !?)
[Wed Jul 10 18:32:38.431507 2024] [ssl:warn] [pid 1:tid 140206209468288] AH01909: admin.rainbowbank.com:443:0 server certificate does NOT include an ID which matches the server name
[Wed Jul 10 18:32:38.434619 2024] [ssl:warn] [pid 1:tid 140206209468288] AH01906: admin.rainbowbank.com:443:0 server certificate is a CA certificate (BasicConstraints: CA == TRUE !?)
[Wed Jul 10 18:32:38.434631 2024] [ssl:warn] [pid 1:tid 140206209468288] AH01909: admin.rainbowbank.com:443:0 server certificate does NOT include an ID which matches the server name
[Wed Jul 10 18:34:17.304588 2024] [ssl:warn] [pid 1:tid 140230433085312] AH01906: admin.rainbowbank.com:443:0 server certificate is a CA certificate (BasicConstraints: CA == TRUE !?)
[Wed Jul 10 18:34:17.304781 2024] [ssl:warn] [pid 1:tid 140230433085312] AH01909: admin.rainbowbank.com:443:0 server certificate does NOT include an ID which matches the server name
[Wed Jul 10 18:34:17.307930 2024] [ssl:warn] [pid 1:tid 140230433085312] AH01906: admin.rainbowbank.com:443:0 server certificate is a CA certificate (BasicConstraints: CA == TRUE !?)
[Wed Jul 10 18:34:17.307942 2024] [ssl:warn] [pid 1:tid 140230433085312] AH01909: admin.rainbowbank.com:443:0 server certificate does NOT include an ID which matches the server name
[Wed Jul 10 18:42:37.866429 2024] [ssl:warn] [pid 1:tid 140043467609984] AH01906: admin.rainbowbank.com:443:0 server certificate is a CA certificate (BasicConstraints: CA == TRUE !?)
[Wed Jul 10 18:42:37.866557 2024] [ssl:warn] [pid 1:tid 140043467609984] AH01909: admin.rainbowbank.com:443:0 server certificate does NOT include an ID which matches the server name
[Wed Jul 10 18:42:37.869623 2024] [ssl:warn] [pid 1:tid 140043467609984] AH01906: admin.rainbowbank.com:443:0 server certificate is a CA certificate (BasicConstraints: CA == TRUE !?)
[Wed Jul 10 18:42:37.869634 2024] [ssl:warn] [pid 1:tid 140043467609984] AH01909: admin.rainbowbank.com:443:0 server certificate does NOT include an ID which matches the server name
[Wed Jul 10 18:49:57.487594 2024] [ssl:warn] [pid 1:tid 139758934054784] AH01906: admin.rainbowbank.com:443:0 server certificate is a CA certificate (BasicConstraints: CA == TRUE !?)
[Wed Jul 10 18:49:57.487706 2024] [ssl:warn] [pid 1:tid 139758934054784] AH01909: admin.rainbowbank.com:443:0 server certificate does NOT include an ID which matches the server name
[Wed Jul 10 18:49:57.490412 2024] [ssl:warn] [pid 1:tid 139758934054784] AH01906: admin.rainbowbank.com:443:0 server certificate is a CA certificate (BasicConstraints: CA == TRUE !?)
[Wed Jul 10 18:49:57.490422 2024] [ssl:warn] [pid 1:tid 139758934054784] AH01909: admin.rainbowbank.com:443:0 server certificate does NOT include an ID which matches the server name
[Wed Jul 10 19:09:58.145208 2024] [ssl:warn] [pid 1:tid 140691429955456] AH01906: admin.rainbowbank.com:443:0 server certificate is a CA certificate (BasicConstraints: CA == TRUE !?)
[Wed Jul 10 19:09:58.145351 2024] [ssl:warn] [pid 1:tid 140691429955456] AH01909: admin.rainbowbank.com:443:0 server certificate does NOT include an ID which matches the server name
[Wed Jul 10 19:09:58.149806 2024] [ssl:warn] [pid 1:tid 140691429955456] AH01906: admin.rainbowbank.com:443:0 server certificate is a CA certificate (BasicConstraints: CA == TRUE !?)
[Wed Jul 10 19:09:58.149830 2024] [ssl:warn] [pid 1:tid 140691429955456] AH01909: admin.rainbowbank.com:443:0 server certificate does NOT include an ID which matches the server name
[Wed Jul 10 19:17:03.948474 2024] [ssl:warn] [pid 1:tid 140148762388352] AH01906: admin.rainbowbank.com:443:0 server certificate is a CA certificate (BasicConstraints: CA == TRUE !?)
[Wed Jul 10 19:17:03.948587 2024] [ssl:warn] [pid 1:tid 140148762388352] AH01909: admin.rainbowbank.com:443:0 server certificate does NOT include an ID which matches the server name
[Wed Jul 10 19:17:03.951455 2024] [ssl:warn] [pid 1:tid 140148762388352] AH01906: admin.rainbowbank.com:443:0 server certificate is a CA certificate (BasicConstraints: CA == TRUE !?)
[Wed Jul 10 19:17:03.951466 2024] [ssl:warn] [pid 1:tid 140148762388352] AH01909: admin.rainbowbank.com:443:0 server certificate does NOT include an ID which matches the server name
[Wed Jul 10 19:18:10.919406 2024] [ssl:warn] [pid 1:tid 140628136716160] AH01906: admin.rainbowbank.com:443:0 server certificate is a CA certificate (BasicConstraints: CA == TRUE !?)
[Wed Jul 10 19:18:10.919501 2024] [ssl:warn] [pid 1:tid 140628136716160] AH01909: admin.rainbowbank.com:443:0 server certificate does NOT include an ID which matches the server name
[Wed Jul 10 19:18:10.922301 2024] [ssl:warn] [pid 1:tid 140628136716160] AH01906: admin.rainbowbank.com:443:0 server certificate is a CA certificate (BasicConstraints: CA == TRUE !?)
[Wed Jul 10 19:18:10.922314 2024] [ssl:warn] [pid 1:tid 140628136716160] AH01909: admin.rainbowbank.com:443:0 server certificate does NOT include an ID which matches the server name
[Wed Jul 10 19:19:33.808571 2024] [ssl:warn] [pid 1:tid 140037579110272] AH01906: admin.rainbowbank.com:443:0 server certificate is a CA certificate (BasicConstraints: CA == TRUE !?)
[Wed Jul 10 19:19:33.808670 2024] [ssl:warn] [pid 1:tid 140037579110272] AH01909: admin.rainbowbank.com:443:0 server certificate does NOT include an ID which matches the server name
[Wed Jul 10 19:19:33.811473 2024] [ssl:warn] [pid 1:tid 140037579110272] AH01906: admin.rainbowbank.com:443:0 server certificate is a CA certificate (BasicConstraints: CA == TRUE !?)
[Wed Jul 10 19:19:33.811484 2024] [ssl:warn] [pid 1:tid 140037579110272] AH01909: admin.rainbowbank.com:443:0 server certificate does NOT include an ID which matches the server name
[Wed Jul 10 19:30:07.940896 2024] [ssl:warn] [pid 1:tid 140716118202240] AH01906: admin.rainbowbank.com:443:0 server certificate is a CA certificate (BasicConstraints: CA == TRUE !?)
[Wed Jul 10 19:30:07.941049 2024] [ssl:warn] [pid 1:tid 140716118202240] AH01909: admin.rainbowbank.com:443:0 server certificate does NOT include an ID which matches the server name
[Wed Jul 10 19:30:07.944566 2024] [ssl:warn] [pid 1:tid 140716118202240] AH01906: admin.rainbowbank.com:443:0 server certificate is a CA certificate (BasicConstraints: CA == TRUE !?)
[Wed Jul 10 19:30:07.944580 2024] [ssl:warn] [pid 1:tid 140716118202240] AH01909: admin.rainbowbank.com:443:0 server certificate does NOT include an ID which matches the server name
[Wed Jul 10 19:39:41.913073 2024] [ssl:warn] [pid 1:tid 140608026269568] AH01906: admin.rainbowbank.com:443:0 server certificate is a CA certificate (BasicConstraints: CA == TRUE !?)
[Wed Jul 10 19:39:41.913181 2024] [ssl:warn] [pid 1:tid 140608026269568] AH01909: admin.rainbowbank.com:443:0 server certificate does NOT include an ID which matches the server name
[Wed Jul 10 19:39:41.916296 2024] [ssl:warn] [pid 1:tid 140608026269568] AH01906: admin.rainbowbank.com:443:0 server certificate is a CA certificate (BasicConstraints: CA == TRUE !?)
[Wed Jul 10 19:39:41.916306 2024] [ssl:warn] [pid 1:tid 140608026269568] AH01909: admin.rainbowbank.com:443:0 server certificate does NOT include an ID which matches the server name
[Wed Jul 10 19:42:07.486101 2024] [ssl:warn] [pid 1:tid 140307219892096] AH01906: admin.rainbowbank.com:443:0 server certificate is a CA certificate (BasicConstraints: CA == TRUE !?)
[Wed Jul 10 19:42:07.486229 2024] [ssl:warn] [pid 1:tid 140307219892096] AH01909: admin.rainbowbank.com:443:0 server certificate does NOT include an ID which matches the server name
[Wed Jul 10 19:42:07.490046 2024] [ssl:warn] [pid 1:tid 140307219892096] AH01906: admin.rainbowbank.com:443:0 server certificate is a CA certificate (BasicConstraints: CA == TRUE !?)
[Wed Jul 10 19:42:07.490057 2024] [ssl:warn] [pid 1:tid 140307219892096] AH01909: admin.rainbowbank.com:443:0 server certificate does NOT include an ID which matches the server name
[Sat Jul 13 10:00:04.532435 2024] [ssl:warn] [pid 1:tid 140598762485632] AH01906: admin.rainbowbank.com:443:0 server certificate is a CA certificate (BasicConstraints: CA == TRUE !?)
[Sat Jul 13 10:00:04.533615 2024] [ssl:warn] [pid 1:tid 140598762485632] AH01909: admin.rainbowbank.com:443:0 server certificate does NOT include an ID which matches the server name
[Sat Jul 13 10:00:04.537192 2024] [ssl:warn] [pid 1:tid 140598762485632] AH01906: admin.rainbowbank.com:443:0 server certificate is a CA certificate (BasicConstraints: CA == TRUE !?)
[Sat Jul 13 10:00:04.537202 2024] [ssl:warn] [pid 1:tid 140598762485632] AH01909: admin.rainbowbank.com:443:0 server certificate does NOT include an ID which matches the server name
[Sat Jul 13 10:12:58.550714 2024] [ssl:warn] [pid 1:tid 140309645977472] AH01906: admin.rainbowbank.com:443:0 server certificate is a CA certificate (BasicConstraints: CA == TRUE !?)
[Sat Jul 13 10:12:58.550811 2024] [ssl:warn] [pid 1:tid 140309645977472] AH01909: admin.rainbowbank.com:443:0 server certificate does NOT include an ID which matches the server name
[Sat Jul 13 10:12:58.553583 2024] [ssl:warn] [pid 1:tid 140309645977472] AH01906: admin.rainbowbank.com:443:0 server certificate is a CA certificate (BasicConstraints: CA == TRUE !?)
[Sat Jul 13 10:12:58.553595 2024] [ssl:warn] [pid 1:tid 140309645977472] AH01909: admin.rainbowbank.com:443:0 server certificate does NOT include an ID which matches the server name
[Sat Jul 13 10:29:33.697688 2024] [ssl:warn] [pid 1:tid 140309645977472] AH01906: admin.rainbowbank.com:443:0 server certificate is a CA certificate (BasicConstraints: CA == TRUE !?)
[Sat Jul 13 10:29:33.697707 2024] [ssl:warn] [pid 1:tid 140309645977472] AH01909: admin.rainbowbank.com:443:0 server certificate does NOT include an ID which matches the server name
[Sat Jul 13 10:32:31.801906 2024] [ssl:warn] [pid 1:tid 140309645977472] AH01906: admin.rainbowbank.com:443:0 server certificate is a CA certificate (BasicConstraints: CA == TRUE !?)
[Sat Jul 13 10:32:31.801925 2024] [ssl:warn] [pid 1:tid 140309645977472] AH01909: admin.rainbowbank.com:443:0 server certificate does NOT include an ID which matches the server name
[Sat Jul 13 10:59:43.403773 2024] [ssl:warn] [pid 1:tid 140558900160384] AH01906: admin.rainbowbank.com:443:0 server certificate is a CA certificate (BasicConstraints: CA == TRUE !?)
[Sat Jul 13 10:59:43.403851 2024] [ssl:warn] [pid 1:tid 140558900160384] AH01909: admin.rainbowbank.com:443:0 server certificate does NOT include an ID which matches the server name
[Sat Jul 13 10:59:43.406921 2024] [ssl:warn] [pid 1:tid 140558900160384] AH01906: admin.rainbowbank.com:443:0 server certificate is a CA certificate (BasicConstraints: CA == TRUE !?)
[Sat Jul 13 10:59:43.406931 2024] [ssl:warn] [pid 1:tid 140558900160384] AH01909: admin.rainbowbank.com:443:0 server certificate does NOT include an ID which matches the server name
[Sat Jul 13 11:08:18.432943 2024] [ssl:warn] [pid 1:tid 140226196612992] AH01906: admin.rainbowbank.com:443:0 server certificate is a CA certificate (BasicConstraints: CA == TRUE !?)
[Sat Jul 13 11:08:18.433043 2024] [ssl:warn] [pid 1:tid 140226196612992] AH01909: admin.rainbowbank.com:443:0 server certificate does NOT include an ID which matches the server name
[Sat Jul 13 11:08:18.435774 2024] [ssl:warn] [pid 1:tid 140226196612992] AH01906: admin.rainbowbank.com:443:0 server certificate is a CA certificate (BasicConstraints: CA == TRUE !?)
[Sat Jul 13 11:08:18.435786 2024] [ssl:warn] [pid 1:tid 140226196612992] AH01909: admin.rainbowbank.com:443:0 server certificate does NOT include an ID which matches the server name
[Sat Jul 13 11:17:34.434347 2024] [ssl:warn] [pid 1:tid 139806481491840] AH01906: admin.rainbowbank.com:443:0 server certificate is a CA certificate (BasicConstraints: CA == TRUE !?)
[Sat Jul 13 11:17:34.434434 2024] [ssl:warn] [pid 1:tid 139806481491840] AH01909: admin.rainbowbank.com:443:0 server certificate does NOT include an ID which matches the server name
[Sat Jul 13 11:17:34.436879 2024] [ssl:warn] [pid 1:tid 139806481491840] AH01906: admin.rainbowbank.com:443:0 server certificate is a CA certificate (BasicConstraints: CA == TRUE !?)
[Sat Jul 13 11:17:34.436889 2024] [ssl:warn] [pid 1:tid 139806481491840] AH01909: admin.rainbowbank.com:443:0 server certificate does NOT include an ID which matches the server name
[Sat Jul 13 11:18:37.824262 2024] [ssl:warn] [pid 1:tid 140589551069056] AH01906: admin.rainbowbank.com:443:0 server certificate is a CA certificate (BasicConstraints: CA == TRUE !?)
[Sat Jul 13 11:18:37.824358 2024] [ssl:warn] [pid 1:tid 140589551069056] AH01909: admin.rainbowbank.com:443:0 server certificate does NOT include an ID which matches the server name
[Sat Jul 13 11:18:37.827206 2024] [ssl:warn] [pid 1:tid 140589551069056] AH01906: admin.rainbowbank.com:443:0 server certificate is a CA certificate (BasicConstraints: CA == TRUE !?)
[Sat Jul 13 11:18:37.827218 2024] [ssl:warn] [pid 1:tid 140589551069056] AH01909: admin.rainbowbank.com:443:0 server certificate does NOT include an ID which matches the server name
[Sat Jul 13 11:21:49.683973 2024] [ssl:warn] [pid 1:tid 140548756887424] AH01906: admin.rainbowbank.com:443:0 server certificate is a CA certificate (BasicConstraints: CA == TRUE !?)
[Sat Jul 13 11:21:49.684065 2024] [ssl:warn] [pid 1:tid 140548756887424] AH01909: admin.rainbowbank.com:443:0 server certificate does NOT include an ID which matches the server name
[Sat Jul 13 11:21:49.686637 2024] [ssl:warn] [pid 1:tid 140548756887424] AH01906: admin.rainbowbank.com:443:0 server certificate is a CA certificate (BasicConstraints: CA == TRUE !?)
[Sat Jul 13 11:21:49.686647 2024] [ssl:warn] [pid 1:tid 140548756887424] AH01909: admin.rainbowbank.com:443:0 server certificate does NOT include an ID which matches the server name
[Sat Jul 13 11:44:50.289126 2024] [ssl:warn] [pid 1:tid 140164743907200] AH01906: admin.rainbowbank.com:443:0 server certificate is a CA certificate (BasicConstraints: CA == TRUE !?)
[Sat Jul 13 11:44:50.289217 2024] [ssl:warn] [pid 1:tid 140164743907200] AH01909: admin.rainbowbank.com:443:0 server certificate does NOT include an ID which matches the server name
[Sat Jul 13 11:44:50.291811 2024] [ssl:warn] [pid 1:tid 140164743907200] AH01906: admin.rainbowbank.com:443:0 server certificate is a CA certificate (BasicConstraints: CA == TRUE !?)
[Sat Jul 13 11:44:50.291821 2024] [ssl:warn] [pid 1:tid 140164743907200] AH01909: admin.rainbowbank.com:443:0 server certificate does NOT include an ID which matches the server name
[Sat Jul 13 11:51:00.567353 2024] [ssl:warn] [pid 1:tid 140183173240704] AH01906: admin.rainbowbank.com:443:0 server certificate is a CA certificate (BasicConstraints: CA == TRUE !?)
[Sat Jul 13 11:51:00.567518 2024] [ssl:warn] [pid 1:tid 140183173240704] AH01909: admin.rainbowbank.com:443:0 server certificate does NOT include an ID which matches the server name
[Sat Jul 13 11:51:00.570199 2024] [ssl:warn] [pid 1:tid 140183173240704] AH01906: admin.rainbowbank.com:443:0 server certificate is a CA certificate (BasicConstraints: CA == TRUE !?)
[Sat Jul 13 11:51:00.570209 2024] [ssl:warn] [pid 1:tid 140183173240704] AH01909: admin.rainbowbank.com:443:0 server certificate does NOT include an ID which matches the server name
[Sat Jul 13 11:51:58.249326 2024] [ssl:warn] [pid 1:tid 139657541662592] AH01906: admin.rainbowbank.com:443:0 server certificate is a CA certificate (BasicConstraints: CA == TRUE !?)
[Sat Jul 13 11:51:58.249553 2024] [ssl:warn] [pid 1:tid 139657541662592] AH01909: admin.rainbowbank.com:443:0 server certificate does NOT include an ID which matches the server name
[Sat Jul 13 11:51:58.253667 2024] [ssl:warn] [pid 1:tid 139657541662592] AH01906: admin.rainbowbank.com:443:0 server certificate is a CA certificate (BasicConstraints: CA == TRUE !?)
[Sat Jul 13 11:51:58.253684 2024] [ssl:warn] [pid 1:tid 139657541662592] AH01909: admin.rainbowbank.com:443:0 server certificate does NOT include an ID which matches the server name
[Sun Jul 14 09:07:36.537704 2024] [ssl:warn] [pid 1:tid 139935862843264] AH01906: admin.rainbowbank.com:443:0 server certificate is a CA certificate (BasicConstraints: CA == TRUE !?)
[Sun Jul 14 09:07:36.537995 2024] [ssl:warn] [pid 1:tid 139935862843264] AH01909: admin.rainbowbank.com:443:0 server certificate does NOT include an ID which matches the server name
[Sun Jul 14 09:07:36.541039 2024] [ssl:warn] [pid 1:tid 139935862843264] AH01906: admin.rainbowbank.com:443:0 server certificate is a CA certificate (BasicConstraints: CA == TRUE !?)
[Sun Jul 14 09:07:36.541049 2024] [ssl:warn] [pid 1:tid 139935862843264] AH01909: admin.rainbowbank.com:443:0 server certificate does NOT include an ID which matches the server name
[Sun Jul 14 09:12:22.857834 2024] [ssl:warn] [pid 1:tid 140427642439552] AH01906: admin.rainbowbank.com:443:0 server certificate is a CA certificate (BasicConstraints: CA == TRUE !?)
[Sun Jul 14 09:12:22.857938 2024] [ssl:warn] [pid 1:tid 140427642439552] AH01909: admin.rainbowbank.com:443:0 server certificate does NOT include an ID which matches the server name
[Sun Jul 14 09:12:22.860754 2024] [ssl:warn] [pid 1:tid 140427642439552] AH01906: admin.rainbowbank.com:443:0 server certificate is a CA certificate (BasicConstraints: CA == TRUE !?)
[Sun Jul 14 09:12:22.860768 2024] [ssl:warn] [pid 1:tid 140427642439552] AH01909: admin.rainbowbank.com:443:0 server certificate does NOT include an ID which matches the server name
[Sun Jul 14 09:28:13.203295 2024] [ssl:warn] [pid 1:tid 139621282895744] AH01906: admin.rainbowbank.com:443:0 server certificate is a CA certificate (BasicConstraints: CA == TRUE !?)
[Sun Jul 14 09:28:13.203406 2024] [ssl:warn] [pid 1:tid 139621282895744] AH01909: admin.rainbowbank.com:443:0 server certificate does NOT include an ID which matches the server name
[Sun Jul 14 09:28:13.206094 2024] [ssl:warn] [pid 1:tid 139621282895744] AH01906: admin.rainbowbank.com:443:0 server certificate is a CA certificate (BasicConstraints: CA == TRUE !?)
[Sun Jul 14 09:28:13.206107 2024] [ssl:warn] [pid 1:tid 139621282895744] AH01909: admin.rainbowbank.com:443:0 server certificate does NOT include an ID which matches the server name
[Sun Jul 14 09:29:45.403270 2024] [ssl:warn] [pid 1:tid 140144364365696] AH01906: admin.rainbowbank.com:443:0 server certificate is a CA certificate (BasicConstraints: CA == TRUE !?)
[Sun Jul 14 09:29:45.403381 2024] [ssl:warn] [pid 1:tid 140144364365696] AH01909: admin.rainbowbank.com:443:0 server certificate does NOT include an ID which matches the server name
[Sun Jul 14 09:29:45.406439 2024] [ssl:warn] [pid 1:tid 140144364365696] AH01906: admin.rainbowbank.com:443:0 server certificate is a CA certificate (BasicConstraints: CA == TRUE !?)
[Sun Jul 14 09:29:45.406453 2024] [ssl:warn] [pid 1:tid 140144364365696] AH01909: admin.rainbowbank.com:443:0 server certificate does NOT include an ID which matches the server name
[Sun Jul 14 09:30:39.669765 2024] [ssl:warn] [pid 1:tid 140252787763072] AH01906: admin.rainbowbank.com:443:0 server certificate is a CA certificate (BasicConstraints: CA == TRUE !?)
[Sun Jul 14 09:30:39.669876 2024] [ssl:warn] [pid 1:tid 140252787763072] AH01909: admin.rainbowbank.com:443:0 server certificate does NOT include an ID which matches the server name
[Sun Jul 14 09:30:39.672630 2024] [ssl:warn] [pid 1:tid 140252787763072] AH01906: admin.rainbowbank.com:443:0 server certificate is a CA certificate (BasicConstraints: CA == TRUE !?)
[Sun Jul 14 09:30:39.672650 2024] [ssl:warn] [pid 1:tid 140252787763072] AH01909: admin.rainbowbank.com:443:0 server certificate does NOT include an ID which matches the server name
[Sun Jul 14 09:55:50.596913 2024] [ssl:warn] [pid 1:tid 139653194352512] AH01906: admin.rainbowbank.com:443:0 server certificate is a CA certificate (BasicConstraints: CA == TRUE !?)
[Sun Jul 14 09:55:50.597073 2024] [ssl:warn] [pid 1:tid 139653194352512] AH01909: admin.rainbowbank.com:443:0 server certificate does NOT include an ID which matches the server name
[Sun Jul 14 09:55:50.599974 2024] [ssl:warn] [pid 1:tid 139653194352512] AH01906: admin.rainbowbank.com:443:0 server certificate is a CA certificate (BasicConstraints: CA == TRUE !?)
[Sun Jul 14 09:55:50.599988 2024] [ssl:warn] [pid 1:tid 139653194352512] AH01909: admin.rainbowbank.com:443:0 server certificate does NOT include an ID which matches the server name
[Sun Jul 14 10:11:16.555393 2024] [ssl:warn] [pid 1:tid 140042744469376] AH01906: admin.rainbowbank.com:443:0 server certificate is a CA certificate (BasicConstraints: CA == TRUE !?)
[Sun Jul 14 10:11:16.555516 2024] [ssl:warn] [pid 1:tid 140042744469376] AH01909: admin.rainbowbank.com:443:0 server certificate does NOT include an ID which matches the server name
[Sun Jul 14 10:11:16.558387 2024] [ssl:warn] [pid 1:tid 140042744469376] AH01906: admin.rainbowbank.com:443:0 server certificate is a CA certificate (BasicConstraints: CA == TRUE !?)
[Sun Jul 14 10:11:16.558401 2024] [ssl:warn] [pid 1:tid 140042744469376] AH01909: admin.rainbowbank.com:443:0 server certificate does NOT include an ID which matches the server name
[Sun Jul 14 10:14:17.625899 2024] [ssl:warn] [pid 1:tid 140616967735168] AH01906: admin.rainbowbank.com:443:0 server certificate is a CA certificate (BasicConstraints: CA == TRUE !?)
[Sun Jul 14 10:14:17.626017 2024] [ssl:warn] [pid 1:tid 140616967735168] AH01909: admin.rainbowbank.com:443:0 server certificate does NOT include an ID which matches the server name
[Sun Jul 14 10:14:17.628733 2024] [ssl:warn] [pid 1:tid 140616967735168] AH01906: admin.rainbowbank.com:443:0 server certificate is a CA certificate (BasicConstraints: CA == TRUE !?)
[Sun Jul 14 10:14:17.628747 2024] [ssl:warn] [pid 1:tid 140616967735168] AH01909: admin.rainbowbank.com:443:0 server certificate does NOT include an ID which matches the server name
[Sun Jul 14 10:17:19.546941 2024] [ssl:warn] [pid 1:tid 140190135641984] AH01906: admin.rainbowbank.com:443:0 server certificate is a CA certificate (BasicConstraints: CA == TRUE !?)
[Sun Jul 14 10:17:19.547060 2024] [ssl:warn] [pid 1:tid 140190135641984] AH01909: admin.rainbowbank.com:443:0 server certificate does NOT include an ID which matches the server name
[Sun Jul 14 10:17:19.549814 2024] [ssl:warn] [pid 1:tid 140190135641984] AH01906: admin.rainbowbank.com:443:0 server certificate is a CA certificate (BasicConstraints: CA == TRUE !?)
[Sun Jul 14 10:17:19.549829 2024] [ssl:warn] [pid 1:tid 140190135641984] AH01909: admin.rainbowbank.com:443:0 server certificate does NOT include an ID which matches the server name
[Sun Jul 14 10:23:52.362553 2024] [ssl:warn] [pid 1:tid 139970784376704] AH01906: admin.rainbowbank.com:443:0 server certificate is a CA certificate (BasicConstraints: CA == TRUE !?)
[Sun Jul 14 10:23:52.362701 2024] [ssl:warn] [pid 1:tid 139970784376704] AH01909: admin.rainbowbank.com:443:0 server certificate does NOT include an ID which matches the server name
[Sun Jul 14 10:23:52.365660 2024] [ssl:warn] [pid 1:tid 139970784376704] AH01906: admin.rainbowbank.com:443:0 server certificate is a CA certificate (BasicConstraints: CA == TRUE !?)
[Sun Jul 14 10:23:52.365675 2024] [ssl:warn] [pid 1:tid 139970784376704] AH01909: admin.rainbowbank.com:443:0 server certificate does NOT include an ID which matches the server name
[Sun Jul 14 10:27:03.995864 2024] [ssl:warn] [pid 1:tid 139689879410560] AH01906: admin.rainbowbank.com:443:0 server certificate is a CA certificate (BasicConstraints: CA == TRUE !?)
[Sun Jul 14 10:27:03.995975 2024] [ssl:warn] [pid 1:tid 139689879410560] AH01909: admin.rainbowbank.com:443:0 server certificate does NOT include an ID which matches the server name
[Sun Jul 14 10:27:03.998851 2024] [ssl:warn] [pid 1:tid 139689879410560] AH01906: admin.rainbowbank.com:443:0 server certificate is a CA certificate (BasicConstraints: CA == TRUE !?)
[Sun Jul 14 10:27:03.998872 2024] [ssl:warn] [pid 1:tid 139689879410560] AH01909: admin.rainbowbank.com:443:0 server certificate does NOT include an ID which matches the server name
[Sun Jul 14 10:31:45.455691 2024] [ssl:warn] [pid 1:tid 140201584023424] AH01906: admin.rainbowbank.com:443:0 server certificate is a CA certificate (BasicConstraints: CA == TRUE !?)
[Sun Jul 14 10:31:45.455834 2024] [ssl:warn] [pid 1:tid 140201584023424] AH01909: admin.rainbowbank.com:443:0 server certificate does NOT include an ID which matches the server name
[Sun Jul 14 10:31:45.459002 2024] [ssl:warn] [pid 1:tid 140201584023424] AH01906: admin.rainbowbank.com:443:0 server certificate is a CA certificate (BasicConstraints: CA == TRUE !?)
[Sun Jul 14 10:31:45.459018 2024] [ssl:warn] [pid 1:tid 140201584023424] AH01909: admin.rainbowbank.com:443:0 server certificate does NOT include an ID which matches the server name
[Sun Jul 14 10:35:52.509422 2024] [ssl:warn] [pid 1:tid 140520533804928] AH01906: admin.rainbowbank.com:443:0 server certificate is a CA certificate (BasicConstraints: CA == TRUE !?)
[Sun Jul 14 10:35:52.509536 2024] [ssl:warn] [pid 1:tid 140520533804928] AH01909: admin.rainbowbank.com:443:0 server certificate does NOT include an ID which matches the server name
[Sun Jul 14 10:35:52.512421 2024] [ssl:warn] [pid 1:tid 140520533804928] AH01906: admin.rainbowbank.com:443:0 server certificate is a CA certificate (BasicConstraints: CA == TRUE !?)
[Sun Jul 14 10:35:52.512436 2024] [ssl:warn] [pid 1:tid 140520533804928] AH01909: admin.rainbowbank.com:443:0 server certificate does NOT include an ID which matches the server name
[Sun Jul 14 10:38:20.806997 2024] [ssl:warn] [pid 1:tid 140715679623040] AH01906: admin.rainbowbank.com:443:0 server certificate is a CA certificate (BasicConstraints: CA == TRUE !?)
[Sun Jul 14 10:38:20.807116 2024] [ssl:warn] [pid 1:tid 140715679623040] AH01909: admin.rainbowbank.com:443:0 server certificate does NOT include an ID which matches the server name
[Sun Jul 14 10:38:20.810057 2024] [ssl:warn] [pid 1:tid 140715679623040] AH01906: admin.rainbowbank.com:443:0 server certificate is a CA certificate (BasicConstraints: CA == TRUE !?)
[Sun Jul 14 10:38:20.810072 2024] [ssl:warn] [pid 1:tid 140715679623040] AH01909: admin.rainbowbank.com:443:0 server certificate does NOT include an ID which matches the server name
[Sun Jul 14 10:40:01.811224 2024] [ssl:warn] [pid 1:tid 139660184549248] AH01906: admin.rainbowbank.com:443:0 server certificate is a CA certificate (BasicConstraints: CA == TRUE !?)
[Sun Jul 14 10:40:01.811344 2024] [ssl:warn] [pid 1:tid 139660184549248] AH01909: admin.rainbowbank.com:443:0 server certificate does NOT include an ID which matches the server name
[Sun Jul 14 10:40:01.814217 2024] [ssl:warn] [pid 1:tid 139660184549248] AH01906: admin.rainbowbank.com:443:0 server certificate is a CA certificate (BasicConstraints: CA == TRUE !?)
[Sun Jul 14 10:40:01.814230 2024] [ssl:warn] [pid 1:tid 139660184549248] AH01909: admin.rainbowbank.com:443:0 server certificate does NOT include an ID which matches the server name
[Sun Jul 14 10:43:55.958837 2024] [ssl:warn] [pid 1:tid 140636976457600] AH01906: admin.rainbowbank.com:443:0 server certificate is a CA certificate (BasicConstraints: CA == TRUE !?)
[Sun Jul 14 10:43:55.958963 2024] [ssl:warn] [pid 1:tid 140636976457600] AH01909: admin.rainbowbank.com:443:0 server certificate does NOT include an ID which matches the server name
[Sun Jul 14 10:43:55.961889 2024] [ssl:warn] [pid 1:tid 140636976457600] AH01906: admin.rainbowbank.com:443:0 server certificate is a CA certificate (BasicConstraints: CA == TRUE !?)
[Sun Jul 14 10:43:55.961904 2024] [ssl:warn] [pid 1:tid 140636976457600] AH01909: admin.rainbowbank.com:443:0 server certificate does NOT include an ID which matches the server name
[Sun Jul 14 10:45:20.897727 2024] [ssl:warn] [pid 1:tid 140209881081728] AH01906: admin.rainbowbank.com:443:0 server certificate is a CA certificate (BasicConstraints: CA == TRUE !?)
[Sun Jul 14 10:45:20.897838 2024] [ssl:warn] [pid 1:tid 140209881081728] AH01909: admin.rainbowbank.com:443:0 server certificate does NOT include an ID which matches the server name
[Sun Jul 14 10:45:20.900501 2024] [ssl:warn] [pid 1:tid 140209881081728] AH01906: admin.rainbowbank.com:443:0 server certificate is a CA certificate (BasicConstraints: CA == TRUE !?)
[Sun Jul 14 10:45:20.900514 2024] [ssl:warn] [pid 1:tid 140209881081728] AH01909: admin.rainbowbank.com:443:0 server certificate does NOT include an ID which matches the server name
[Sun Jul 14 10:47:53.583191 2024] [ssl:warn] [pid 1:tid 140496704173952] AH01906: admin.rainbowbank.com:443:0 server certificate is a CA certificate (BasicConstraints: CA == TRUE !?)
[Sun Jul 14 10:47:53.583330 2024] [ssl:warn] [pid 1:tid 140496704173952] AH01909: admin.rainbowbank.com:443:0 server certificate does NOT include an ID which matches the server name
[Sun Jul 14 10:47:53.586661 2024] [ssl:warn] [pid 1:tid 140496704173952] AH01906: admin.rainbowbank.com:443:0 server certificate is a CA certificate (BasicConstraints: CA == TRUE !?)
[Sun Jul 14 10:47:53.586678 2024] [ssl:warn] [pid 1:tid 140496704173952] AH01909: admin.rainbowbank.com:443:0 server certificate does NOT include an ID which matches the server name
[Sun Jul 14 10:50:14.482735 2024] [ssl:warn] [pid 1:tid 140568609429376] AH01906: admin.rainbowbank.com:443:0 server certificate is a CA certificate (BasicConstraints: CA == TRUE !?)
[Sun Jul 14 10:50:14.482854 2024] [ssl:warn] [pid 1:tid 140568609429376] AH01909: admin.rainbowbank.com:443:0 server certificate does NOT include an ID which matches the server name
[Sun Jul 14 10:50:14.486040 2024] [ssl:warn] [pid 1:tid 140568609429376] AH01906: admin.rainbowbank.com:443:0 server certificate is a CA certificate (BasicConstraints: CA == TRUE !?)
[Sun Jul 14 10:50:14.486055 2024] [ssl:warn] [pid 1:tid 140568609429376] AH01909: admin.rainbowbank.com:443:0 server certificate does NOT include an ID which matches the server name
[Sun Jul 14 10:59:41.375949 2024] [ssl:warn] [pid 1:tid 139787464419200] AH01906: admin.rainbowbank.com:443:0 server certificate is a CA certificate (BasicConstraints: CA == TRUE !?)
[Sun Jul 14 10:59:41.376071 2024] [ssl:warn] [pid 1:tid 139787464419200] AH01909: admin.rainbowbank.com:443:0 server certificate does NOT include an ID which matches the server name
[Sun Jul 14 10:59:41.378762 2024] [ssl:warn] [pid 1:tid 139787464419200] AH01906: admin.rainbowbank.com:443:0 server certificate is a CA certificate (BasicConstraints: CA == TRUE !?)
[Sun Jul 14 10:59:41.378777 2024] [ssl:warn] [pid 1:tid 139787464419200] AH01909: admin.rainbowbank.com:443:0 server certificate does NOT include an ID which matches the server name
[Sun Jul 14 11:01:09.306515 2024] [ssl:warn] [pid 1:tid 139689382365056] AH01906: admin.rainbowbank.com:443:0 server certificate is a CA certificate (BasicConstraints: CA == TRUE !?)
[Sun Jul 14 11:01:09.306630 2024] [ssl:warn] [pid 1:tid 139689382365056] AH01909: admin.rainbowbank.com:443:0 server certificate does NOT include an ID which matches the server name
[Sun Jul 14 11:01:09.309570 2024] [ssl:warn] [pid 1:tid 139689382365056] AH01906: admin.rainbowbank.com:443:0 server certificate is a CA certificate (BasicConstraints: CA == TRUE !?)
[Sun Jul 14 11:01:09.309584 2024] [ssl:warn] [pid 1:tid 139689382365056] AH01909: admin.rainbowbank.com:443:0 server certificate does NOT include an ID which matches the server name
[Sun Jul 14 11:01:32.906671 2024] [ssl:warn] [pid 1:tid 140669884753792] AH01906: admin.rainbowbank.com:443:0 server certificate is a CA certificate (BasicConstraints: CA == TRUE !?)
[Sun Jul 14 11:01:32.906805 2024] [ssl:warn] [pid 1:tid 140669884753792] AH01909: admin.rainbowbank.com:443:0 server certificate does NOT include an ID which matches the server name
[Sun Jul 14 11:01:32.910180 2024] [ssl:warn] [pid 1:tid 140669884753792] AH01906: admin.rainbowbank.com:443:0 server certificate is a CA certificate (BasicConstraints: CA == TRUE !?)
[Sun Jul 14 11:01:32.910198 2024] [ssl:warn] [pid 1:tid 140669884753792] AH01909: admin.rainbowbank.com:443:0 server certificate does NOT include an ID which matches the server name
[Sun Jul 14 11:04:10.943758 2024] [ssl:warn] [pid 1:tid 140717611542400] AH01906: admin.rainbowbank.com:443:0 server certificate is a CA certificate (BasicConstraints: CA == TRUE !?)
[Sun Jul 14 11:04:10.943874 2024] [ssl:warn] [pid 1:tid 140717611542400] AH01909: admin.rainbowbank.com:443:0 server certificate does NOT include an ID which matches the server name
[Sun Jul 14 11:04:10.946721 2024] [ssl:warn] [pid 1:tid 140717611542400] AH01906: admin.rainbowbank.com:443:0 server certificate is a CA certificate (BasicConstraints: CA == TRUE !?)
[Sun Jul 14 11:04:10.946735 2024] [ssl:warn] [pid 1:tid 140717611542400] AH01909: admin.rainbowbank.com:443:0 server certificate does NOT include an ID which matches the server name
[Sun Jul 14 11:05:55.952341 2024] [ssl:warn] [pid 1:tid 139903110453120] AH01906: admin.rainbowbank.com:443:0 server certificate is a CA certificate (BasicConstraints: CA == TRUE !?)
[Sun Jul 14 11:05:55.952470 2024] [ssl:warn] [pid 1:tid 139903110453120] AH01909: admin.rainbowbank.com:443:0 server certificate does NOT include an ID which matches the server name
[Sun Jul 14 11:05:55.955154 2024] [ssl:warn] [pid 1:tid 139903110453120] AH01906: admin.rainbowbank.com:443:0 server certificate is a CA certificate (BasicConstraints: CA == TRUE !?)
[Sun Jul 14 11:05:55.955167 2024] [ssl:warn] [pid 1:tid 139903110453120] AH01909: admin.rainbowbank.com:443:0 server certificate does NOT include an ID which matches the server name
[Sun Jul 14 11:09:57.548595 2024] [ssl:warn] [pid 1:tid 140301672093568] AH01906: admin.rainbowbank.com:443:0 server certificate is a CA certificate (BasicConstraints: CA == TRUE !?)
[Sun Jul 14 11:09:57.548727 2024] [ssl:warn] [pid 1:tid 140301672093568] AH01909: admin.rainbowbank.com:443:0 server certificate does NOT include an ID which matches the server name
[Sun Jul 14 11:09:57.551594 2024] [ssl:warn] [pid 1:tid 140301672093568] AH01906: admin.rainbowbank.com:443:0 server certificate is a CA certificate (BasicConstraints: CA == TRUE !?)
[Sun Jul 14 11:09:57.551608 2024] [ssl:warn] [pid 1:tid 140301672093568] AH01909: admin.rainbowbank.com:443:0 server certificate does NOT include an ID which matches the server name
[Sun Jul 14 11:13:47.835148 2024] [ssl:warn] [pid 1:tid 140570451679104] AH01906: admin.rainbowbank.com:443:0 server certificate is a CA certificate (BasicConstraints: CA == TRUE !?)
[Sun Jul 14 11:13:47.835261 2024] [ssl:warn] [pid 1:tid 140570451679104] AH01909: admin.rainbowbank.com:443:0 server certificate does NOT include an ID which matches the server name
[Sun Jul 14 11:13:47.838019 2024] [ssl:warn] [pid 1:tid 140570451679104] AH01906: admin.rainbowbank.com:443:0 server certificate is a CA certificate (BasicConstraints: CA == TRUE !?)
[Sun Jul 14 11:13:47.838032 2024] [ssl:warn] [pid 1:tid 140570451679104] AH01909: admin.rainbowbank.com:443:0 server certificate does NOT include an ID which matches the server name
[Sun Jul 14 11:14:26.778119 2024] [ssl:warn] [pid 1:tid 139895696746368] AH01906: admin.rainbowbank.com:443:0 server certificate is a CA certificate (BasicConstraints: CA == TRUE !?)
[Sun Jul 14 11:14:26.778233 2024] [ssl:warn] [pid 1:tid 139895696746368] AH01909: admin.rainbowbank.com:443:0 server certificate does NOT include an ID which matches the server name
[Sun Jul 14 11:14:26.781022 2024] [ssl:warn] [pid 1:tid 139895696746368] AH01906: admin.rainbowbank.com:443:0 server certificate is a CA certificate (BasicConstraints: CA == TRUE !?)
[Sun Jul 14 11:14:26.781036 2024] [ssl:warn] [pid 1:tid 139895696746368] AH01909: admin.rainbowbank.com:443:0 server certificate does NOT include an ID which matches the server name
[Sun Jul 14 11:15:03.492293 2024] [ssl:warn] [pid 1:tid 140444374972288] AH01906: admin.rainbowbank.com:443:0 server certificate is a CA certificate (BasicConstraints: CA == TRUE !?)
[Sun Jul 14 11:15:03.492427 2024] [ssl:warn] [pid 1:tid 140444374972288] AH01909: admin.rainbowbank.com:443:0 server certificate does NOT include an ID which matches the server name
[Sun Jul 14 11:15:03.495453 2024] [ssl:warn] [pid 1:tid 140444374972288] AH01906: admin.rainbowbank.com:443:0 server certificate is a CA certificate (BasicConstraints: CA == TRUE !?)
[Sun Jul 14 11:15:03.495468 2024] [ssl:warn] [pid 1:tid 140444374972288] AH01909: admin.rainbowbank.com:443:0 server certificate does NOT include an ID which matches the server name
[Sun Jul 14 11:26:41.478722 2024] [ssl:warn] [pid 1:tid 140636721219456] AH01906: admin.rainbowbank.com:443:0 server certificate is a CA certificate (BasicConstraints: CA == TRUE !?)
[Sun Jul 14 11:26:41.478902 2024] [ssl:warn] [pid 1:tid 140636721219456] AH01909: admin.rainbowbank.com:443:0 server certificate does NOT include an ID which matches the server name
[Sun Jul 14 11:26:41.481927 2024] [ssl:warn] [pid 1:tid 140636721219456] AH01906: admin.rainbowbank.com:443:0 server certificate is a CA certificate (BasicConstraints: CA == TRUE !?)
[Sun Jul 14 11:26:41.481945 2024] [ssl:warn] [pid 1:tid 140636721219456] AH01909: admin.rainbowbank.com:443:0 server certificate does NOT include an ID which matches the server name
[Sun Jul 14 12:13:26.859848 2024] [ssl:warn] [pid 1:tid 139848451987328] AH01906: admin.rainbowbank.com:443:0 server certificate is a CA certificate (BasicConstraints: CA == TRUE !?)
[Sun Jul 14 12:13:26.859965 2024] [ssl:warn] [pid 1:tid 139848451987328] AH01909: admin.rainbowbank.com:443:0 server certificate does NOT include an ID which matches the server name
[Sun Jul 14 12:13:26.862801 2024] [ssl:warn] [pid 1:tid 139848451987328] AH01906: admin.rainbowbank.com:443:0 server certificate is a CA certificate (BasicConstraints: CA == TRUE !?)
[Sun Jul 14 12:13:26.862816 2024] [ssl:warn] [pid 1:tid 139848451987328] AH01909: admin.rainbowbank.com:443:0 server certificate does NOT include an ID which matches the server name
[Sun Jul 14 12:21:15.399052 2024] [ssl:warn] [pid 1:tid 139944117135232] AH01906: admin.rainbowbank.com:443:0 server certificate is a CA certificate (BasicConstraints: CA == TRUE !?)
[Sun Jul 14 12:21:15.399168 2024] [ssl:warn] [pid 1:tid 139944117135232] AH01909: admin.rainbowbank.com:443:0 server certificate does NOT include an ID which matches the server name
[Sun Jul 14 12:21:15.402050 2024] [ssl:warn] [pid 1:tid 139944117135232] AH01906: admin.rainbowbank.com:443:0 server certificate is a CA certificate (BasicConstraints: CA == TRUE !?)
[Sun Jul 14 12:21:15.402064 2024] [ssl:warn] [pid 1:tid 139944117135232] AH01909: admin.rainbowbank.com:443:0 server certificate does NOT include an ID which matches the server name
[Sun Jul 14 12:22:48.739063 2024] [ssl:warn] [pid 1:tid 140139553535872] AH01906: admin.rainbowbank.com:443:0 server certificate is a CA certificate (BasicConstraints: CA == TRUE !?)
[Sun Jul 14 12:22:48.739215 2024] [ssl:warn] [pid 1:tid 140139553535872] AH01909: admin.rainbowbank.com:443:0 server certificate does NOT include an ID which matches the server name
[Sun Jul 14 12:22:48.741913 2024] [ssl:warn] [pid 1:tid 140139553535872] AH01906: admin.rainbowbank.com:443:0 server certificate is a CA certificate (BasicConstraints: CA == TRUE !?)
[Sun Jul 14 12:22:48.741926 2024] [ssl:warn] [pid 1:tid 140139553535872] AH01909: admin.rainbowbank.com:443:0 server certificate does NOT include an ID which matches the server name
[Sun Jul 14 12:25:07.345785 2024] [ssl:warn] [pid 1:tid 139648372049792] AH01906: admin.rainbowbank.com:443:0 server certificate is a CA certificate (BasicConstraints: CA == TRUE !?)
[Sun Jul 14 12:25:07.345904 2024] [ssl:warn] [pid 1:tid 139648372049792] AH01909: admin.rainbowbank.com:443:0 server certificate does NOT include an ID which matches the server name
[Sun Jul 14 12:25:07.349039 2024] [ssl:warn] [pid 1:tid 139648372049792] AH01906: admin.rainbowbank.com:443:0 server certificate is a CA certificate (BasicConstraints: CA == TRUE !?)
[Sun Jul 14 12:25:07.349054 2024] [ssl:warn] [pid 1:tid 139648372049792] AH01909: admin.rainbowbank.com:443:0 server certificate does NOT include an ID which matches the server name
[Sun Jul 14 14:53:43.150690 2024] [ssl:warn] [pid 1:tid 139808868820864] AH01906: admin.rainbowbank.com:443:0 server certificate is a CA certificate (BasicConstraints: CA == TRUE !?)
[Sun Jul 14 14:53:43.150814 2024] [ssl:warn] [pid 1:tid 139808868820864] AH01909: admin.rainbowbank.com:443:0 server certificate does NOT include an ID which matches the server name
[Sun Jul 14 14:53:43.153887 2024] [ssl:warn] [pid 1:tid 139808868820864] AH01906: admin.rainbowbank.com:443:0 server certificate is a CA certificate (BasicConstraints: CA == TRUE !?)
[Sun Jul 14 14:53:43.153902 2024] [ssl:warn] [pid 1:tid 139808868820864] AH01909: admin.rainbowbank.com:443:0 server certificate does NOT include an ID which matches the server name
[Sun Jul 14 14:57:22.656419 2024] [ssl:warn] [pid 1:tid 140083931629440] AH01906: admin.rainbowbank.com:443:0 server certificate is a CA certificate (BasicConstraints: CA == TRUE !?)
[Sun Jul 14 14:57:22.656533 2024] [ssl:warn] [pid 1:tid 140083931629440] AH01909: admin.rainbowbank.com:443:0 server certificate does NOT include an ID which matches the server name
[Sun Jul 14 14:57:22.659263 2024] [ssl:warn] [pid 1:tid 140083931629440] AH01906: admin.rainbowbank.com:443:0 server certificate is a CA certificate (BasicConstraints: CA == TRUE !?)
[Sun Jul 14 14:57:22.659280 2024] [ssl:warn] [pid 1:tid 140083931629440] AH01909: admin.rainbowbank.com:443:0 server certificate does NOT include an ID which matches the server name
[Sun Jul 14 15:01:21.699743 2024] [ssl:warn] [pid 1:tid 140647810414464] AH01906: admin.rainbowbank.com:443:0 server certificate is a CA certificate (BasicConstraints: CA == TRUE !?)
[Sun Jul 14 15:01:21.699898 2024] [ssl:warn] [pid 1:tid 140647810414464] AH01909: admin.rainbowbank.com:443:0 server certificate does NOT include an ID which matches the server name
[Sun Jul 14 15:01:21.715140 2024] [ssl:warn] [pid 1:tid 140647810414464] AH01906: admin.rainbowbank.com:443:0 server certificate is a CA certificate (BasicConstraints: CA == TRUE !?)
[Sun Jul 14 15:01:21.715165 2024] [ssl:warn] [pid 1:tid 140647810414464] AH01909: admin.rainbowbank.com:443:0 server certificate does NOT include an ID which matches the server name
[Mon Jul 15 09:13:24.325887 2024] [ssl:warn] [pid 1:tid 139851259852672] AH01906: admin.rainbowbank.com:443:0 server certificate is a CA certificate (BasicConstraints: CA == TRUE !?)
[Mon Jul 15 09:13:24.326046 2024] [ssl:warn] [pid 1:tid 139851259852672] AH01909: admin.rainbowbank.com:443:0 server certificate does NOT include an ID which matches the server name
[Mon Jul 15 09:13:24.329335 2024] [ssl:warn] [pid 1:tid 139851259852672] AH01906: admin.rainbowbank.com:443:0 server certificate is a CA certificate (BasicConstraints: CA == TRUE !?)
[Mon Jul 15 09:13:24.329350 2024] [ssl:warn] [pid 1:tid 139851259852672] AH01909: admin.rainbowbank.com:443:0 server certificate does NOT include an ID which matches the server name
[Mon Jul 15 09:25:46.281033 2024] [ssl:warn] [pid 1:tid 140044675733376] AH01906: admin.rainbowbank.com:443:0 server certificate is a CA certificate (BasicConstraints: CA == TRUE !?)
[Mon Jul 15 09:25:46.281171 2024] [ssl:warn] [pid 1:tid 140044675733376] AH01909: admin.rainbowbank.com:443:0 server certificate does NOT include an ID which matches the server name
[Mon Jul 15 09:25:46.284206 2024] [ssl:warn] [pid 1:tid 140044675733376] AH01906: admin.rainbowbank.com:443:0 server certificate is a CA certificate (BasicConstraints: CA == TRUE !?)
[Mon Jul 15 09:25:46.284220 2024] [ssl:warn] [pid 1:tid 140044675733376] AH01909: admin.rainbowbank.com:443:0 server certificate does NOT include an ID which matches the server name
[Mon Jul 15 09:57:59.512196 2024] [ssl:warn] [pid 1:tid 140109010810752] AH01906: admin.rainbowbank.com:443:0 server certificate is a CA certificate (BasicConstraints: CA == TRUE !?)
[Mon Jul 15 09:57:59.512322 2024] [ssl:warn] [pid 1:tid 140109010810752] AH01909: admin.rainbowbank.com:443:0 server certificate does NOT include an ID which matches the server name
[Mon Jul 15 09:57:59.515437 2024] [ssl:warn] [pid 1:tid 140109010810752] AH01906: admin.rainbowbank.com:443:0 server certificate is a CA certificate (BasicConstraints: CA == TRUE !?)
[Mon Jul 15 09:57:59.515464 2024] [ssl:warn] [pid 1:tid 140109010810752] AH01909: admin.rainbowbank.com:443:0 server certificate does NOT include an ID which matches the server name
[Mon Jul 15 10:51:58.788100 2024] [ssl:warn] [pid 1:tid 139961702037376] AH01906: admin.rainbowbank.com:443:0 server certificate is a CA certificate (BasicConstraints: CA == TRUE !?)
[Mon Jul 15 10:51:58.788268 2024] [ssl:warn] [pid 1:tid 139961702037376] AH01909: admin.rainbowbank.com:443:0 server certificate does NOT include an ID which matches the server name
[Mon Jul 15 10:51:58.792188 2024] [ssl:warn] [pid 1:tid 139961702037376] AH01906: admin.rainbowbank.com:443:0 server certificate is a CA certificate (BasicConstraints: CA == TRUE !?)
[Mon Jul 15 10:51:58.792207 2024] [ssl:warn] [pid 1:tid 139961702037376] AH01909: admin.rainbowbank.com:443:0 server certificate does NOT include an ID which matches the server name
[Mon Jul 15 10:52:35.235657 2024] [ssl:warn] [pid 1:tid 139912480479104] AH01906: admin.rainbowbank.com:443:0 server certificate is a CA certificate (BasicConstraints: CA == TRUE !?)
[Mon Jul 15 10:52:35.235792 2024] [ssl:warn] [pid 1:tid 139912480479104] AH01909: admin.rainbowbank.com:443:0 server certificate does NOT include an ID which matches the server name
[Mon Jul 15 10:52:35.238954 2024] [ssl:warn] [pid 1:tid 139912480479104] AH01906: admin.rainbowbank.com:443:0 server certificate is a CA certificate (BasicConstraints: CA == TRUE !?)
[Mon Jul 15 10:52:35.238971 2024] [ssl:warn] [pid 1:tid 139912480479104] AH01909: admin.rainbowbank.com:443:0 server certificate does NOT include an ID which matches the server name
[Mon Jul 15 10:59:51.488221 2024] [ssl:warn] [pid 1:tid 140543416145792] AH01906: admin.rainbowbank.com:443:0 server certificate is a CA certificate (BasicConstraints: CA == TRUE !?)
[Mon Jul 15 10:59:51.488364 2024] [ssl:warn] [pid 1:tid 140543416145792] AH01909: admin.rainbowbank.com:443:0 server certificate does NOT include an ID which matches the server name
[Mon Jul 15 10:59:51.491190 2024] [ssl:warn] [pid 1:tid 140543416145792] AH01906: admin.rainbowbank.com:443:0 server certificate is a CA certificate (BasicConstraints: CA == TRUE !?)
[Mon Jul 15 10:59:51.491205 2024] [ssl:warn] [pid 1:tid 140543416145792] AH01909: admin.rainbowbank.com:443:0 server certificate does NOT include an ID which matches the server name
[Mon Jul 15 11:08:07.111857 2024] [ssl:warn] [pid 1:tid 139675205879680] AH01906: admin.rainbowbank.com:443:0 server certificate is a CA certificate (BasicConstraints: CA == TRUE !?)
[Mon Jul 15 11:08:07.112055 2024] [ssl:warn] [pid 1:tid 139675205879680] AH01909: admin.rainbowbank.com:443:0 server certificate does NOT include an ID which matches the server name
[Mon Jul 15 11:08:07.115282 2024] [ssl:warn] [pid 1:tid 139675205879680] AH01906: admin.rainbowbank.com:443:0 server certificate is a CA certificate (BasicConstraints: CA == TRUE !?)
[Mon Jul 15 11:08:07.115297 2024] [ssl:warn] [pid 1:tid 139675205879680] AH01909: admin.rainbowbank.com:443:0 server certificate does NOT include an ID which matches the server name
[Mon Jul 15 11:20:59.035343 2024] [ssl:warn] [pid 1:tid 139978196858752] AH01906: admin.rainbowbank.com:443:0 server certificate is a CA certificate (BasicConstraints: CA == TRUE !?)
[Mon Jul 15 11:20:59.035536 2024] [ssl:warn] [pid 1:tid 139978196858752] AH01909: admin.rainbowbank.com:443:0 server certificate does NOT include an ID which matches the server name
[Mon Jul 15 11:20:59.039295 2024] [ssl:warn] [pid 1:tid 139978196858752] AH01906: admin.rainbowbank.com:443:0 server certificate is a CA certificate (BasicConstraints: CA == TRUE !?)
[Mon Jul 15 11:20:59.039328 2024] [ssl:warn] [pid 1:tid 139978196858752] AH01909: admin.rainbowbank.com:443:0 server certificate does NOT include an ID which matches the server name
[Mon Jul 15 11:31:01.292979 2024] [ssl:warn] [pid 1:tid 140164556466048] AH01906: admin.rainbowbank.com:443:0 server certificate is a CA certificate (BasicConstraints: CA == TRUE !?)
[Mon Jul 15 11:31:01.293123 2024] [ssl:warn] [pid 1:tid 140164556466048] AH01909: admin.rainbowbank.com:443:0 server certificate does NOT include an ID which matches the server name
[Mon Jul 15 11:31:01.296378 2024] [ssl:warn] [pid 1:tid 140164556466048] AH01906: admin.rainbowbank.com:443:0 server certificate is a CA certificate (BasicConstraints: CA == TRUE !?)
[Mon Jul 15 11:31:01.296394 2024] [ssl:warn] [pid 1:tid 140164556466048] AH01909: admin.rainbowbank.com:443:0 server certificate does NOT include an ID which matches the server name
[Mon Jul 15 11:35:21.042984 2024] [ssl:warn] [pid 1:tid 140533318596480] AH01906: admin.rainbowbank.com:443:0 server certificate is a CA certificate (BasicConstraints: CA == TRUE !?)
[Mon Jul 15 11:35:21.043108 2024] [ssl:warn] [pid 1:tid 140533318596480] AH01909: admin.rainbowbank.com:443:0 server certificate does NOT include an ID which matches the server name
[Mon Jul 15 11:35:21.045829 2024] [ssl:warn] [pid 1:tid 140533318596480] AH01906: admin.rainbowbank.com:443:0 server certificate is a CA certificate (BasicConstraints: CA == TRUE !?)
[Mon Jul 15 11:35:21.045842 2024] [ssl:warn] [pid 1:tid 140533318596480] AH01909: admin.rainbowbank.com:443:0 server certificate does NOT include an ID which matches the server name
[Mon Jul 15 11:37:20.572177 2024] [ssl:warn] [pid 1:tid 140032771155840] AH01906: admin.rainbowbank.com:443:0 server certificate is a CA certificate (BasicConstraints: CA == TRUE !?)
[Mon Jul 15 11:37:20.572332 2024] [ssl:warn] [pid 1:tid 140032771155840] AH01909: admin.rainbowbank.com:443:0 server certificate does NOT include an ID which matches the server name
[Mon Jul 15 11:37:20.576718 2024] [ssl:warn] [pid 1:tid 140032771155840] AH01906: admin.rainbowbank.com:443:0 server certificate is a CA certificate (BasicConstraints: CA == TRUE !?)
[Mon Jul 15 11:37:20.576739 2024] [ssl:warn] [pid 1:tid 140032771155840] AH01909: admin.rainbowbank.com:443:0 server certificate does NOT include an ID which matches the server name
[Mon Jul 15 12:52:34.148482 2024] [ssl:warn] [pid 1:tid 140377373017984] AH01906: admin.rainbowbank.com:443:0 server certificate is a CA certificate (BasicConstraints: CA == TRUE !?)
[Mon Jul 15 12:52:34.148705 2024] [ssl:warn] [pid 1:tid 140377373017984] AH01909: admin.rainbowbank.com:443:0 server certificate does NOT include an ID which matches the server name
[Mon Jul 15 12:52:34.151656 2024] [ssl:warn] [pid 1:tid 140377373017984] AH01906: admin.rainbowbank.com:443:0 server certificate is a CA certificate (BasicConstraints: CA == TRUE !?)
[Mon Jul 15 12:52:34.151670 2024] [ssl:warn] [pid 1:tid 140377373017984] AH01909: admin.rainbowbank.com:443:0 server certificate does NOT include an ID which matches the server name
[Mon Jul 15 13:07:42.244397 2024] [ssl:warn] [pid 1:tid 140146457790336] AH01906: admin.rainbowbank.com:443:0 server certificate is a CA certificate (BasicConstraints: CA == TRUE !?)
[Mon Jul 15 13:07:42.244558 2024] [ssl:warn] [pid 1:tid 140146457790336] AH01909: admin.rainbowbank.com:443:0 server certificate does NOT include an ID which matches the server name
[Mon Jul 15 13:07:42.248144 2024] [ssl:warn] [pid 1:tid 140146457790336] AH01906: admin.rainbowbank.com:443:0 server certificate is a CA certificate (BasicConstraints: CA == TRUE !?)
[Mon Jul 15 13:07:42.248165 2024] [ssl:warn] [pid 1:tid 140146457790336] AH01909: admin.rainbowbank.com:443:0 server certificate does NOT include an ID which matches the server name
[Mon Jul 15 13:11:16.680650 2024] [ssl:warn] [pid 1:tid 140073618179968] AH01906: admin.rainbowbank.com:443:0 server certificate is a CA certificate (BasicConstraints: CA == TRUE !?)
[Mon Jul 15 13:11:16.680786 2024] [ssl:warn] [pid 1:tid 140073618179968] AH01909: admin.rainbowbank.com:443:0 server certificate does NOT include an ID which matches the server name
[Mon Jul 15 13:11:16.683811 2024] [ssl:warn] [pid 1:tid 140073618179968] AH01906: admin.rainbowbank.com:443:0 server certificate is a CA certificate (BasicConstraints: CA == TRUE !?)
[Mon Jul 15 13:11:16.683825 2024] [ssl:warn] [pid 1:tid 140073618179968] AH01909: admin.rainbowbank.com:443:0 server certificate does NOT include an ID which matches the server name
[Mon Jul 15 13:12:02.092480 2024] [ssl:warn] [pid 1:tid 139829309724544] AH01906: admin.rainbowbank.com:443:0 server certificate is a CA certificate (BasicConstraints: CA == TRUE !?)
[Mon Jul 15 13:12:02.092623 2024] [ssl:warn] [pid 1:tid 139829309724544] AH01909: admin.rainbowbank.com:443:0 server certificate does NOT include an ID which matches the server name
[Mon Jul 15 13:12:02.095463 2024] [ssl:warn] [pid 1:tid 139829309724544] AH01906: admin.rainbowbank.com:443:0 server certificate is a CA certificate (BasicConstraints: CA == TRUE !?)
[Mon Jul 15 13:12:02.095477 2024] [ssl:warn] [pid 1:tid 139829309724544] AH01909: admin.rainbowbank.com:443:0 server certificate does NOT include an ID which matches the server name
[Mon Jul 15 13:28:21.046875 2024] [ssl:warn] [pid 1:tid 140253563864960] AH01906: admin.rainbowbank.com:443:0 server certificate is a CA certificate (BasicConstraints: CA == TRUE !?)
[Mon Jul 15 13:28:21.047025 2024] [ssl:warn] [pid 1:tid 140253563864960] AH01909: admin.rainbowbank.com:443:0 server certificate does NOT include an ID which matches the server name
[Mon Jul 15 13:28:21.049889 2024] [ssl:warn] [pid 1:tid 140253563864960] AH01906: admin.rainbowbank.com:443:0 server certificate is a CA certificate (BasicConstraints: CA == TRUE !?)
[Mon Jul 15 13:28:21.049904 2024] [ssl:warn] [pid 1:tid 140253563864960] AH01909: admin.rainbowbank.com:443:0 server certificate does NOT include an ID which matches the server name
[Mon Jul 15 13:40:21.415538 2024] [ssl:warn] [pid 1:tid 140242252138368] AH01906: admin.rainbowbank.com:443:0 server certificate is a CA certificate (BasicConstraints: CA == TRUE !?)
[Mon Jul 15 13:40:21.415668 2024] [ssl:warn] [pid 1:tid 140242252138368] AH01909: admin.rainbowbank.com:443:0 server certificate does NOT include an ID which matches the server name
[Mon Jul 15 13:40:21.418507 2024] [ssl:warn] [pid 1:tid 140242252138368] AH01906: admin.rainbowbank.com:443:0 server certificate is a CA certificate (BasicConstraints: CA == TRUE !?)
[Mon Jul 15 13:40:21.418521 2024] [ssl:warn] [pid 1:tid 140242252138368] AH01909: admin.rainbowbank.com:443:0 server certificate does NOT include an ID which matches the server name
[Mon Jul 15 13:51:51.423061 2024] [ssl:warn] [pid 1:tid 140137712043904] AH01906: admin.rainbowbank.com:443:0 server certificate is a CA certificate (BasicConstraints: CA == TRUE !?)
[Mon Jul 15 13:51:51.423183 2024] [ssl:warn] [pid 1:tid 140137712043904] AH01909: admin.rainbowbank.com:443:0 server certificate does NOT include an ID which matches the server name
[Mon Jul 15 13:51:51.426121 2024] [ssl:warn] [pid 1:tid 140137712043904] AH01906: admin.rainbowbank.com:443:0 server certificate is a CA certificate (BasicConstraints: CA == TRUE !?)
[Mon Jul 15 13:51:51.426136 2024] [ssl:warn] [pid 1:tid 140137712043904] AH01909: admin.rainbowbank.com:443:0 server certificate does NOT include an ID which matches the server name
[Mon Jul 15 14:06:08.777345 2024] [ssl:warn] [pid 1:tid 140275628623744] AH01906: admin.rainbowbank.com:443:0 server certificate is a CA certificate (BasicConstraints: CA == TRUE !?)
[Mon Jul 15 14:06:08.777471 2024] [ssl:warn] [pid 1:tid 140275628623744] AH01909: admin.rainbowbank.com:443:0 server certificate does NOT include an ID which matches the server name
[Mon Jul 15 14:06:08.781054 2024] [ssl:warn] [pid 1:tid 140275628623744] AH01906: admin.rainbowbank.com:443:0 server certificate is a CA certificate (BasicConstraints: CA == TRUE !?)
[Mon Jul 15 14:06:08.781067 2024] [ssl:warn] [pid 1:tid 140275628623744] AH01909: admin.rainbowbank.com:443:0 server certificate does NOT include an ID which matches the server name
[Mon Jul 15 14:32:40.256118 2024] [ssl:warn] [pid 1:tid 139872170334080] AH01906: admin.rainbowbank.com:443:0 server certificate is a CA certificate (BasicConstraints: CA == TRUE !?)
[Mon Jul 15 14:32:40.256244 2024] [ssl:warn] [pid 1:tid 139872170334080] AH01909: admin.rainbowbank.com:443:0 server certificate does NOT include an ID which matches the server name
[Mon Jul 15 14:32:40.258926 2024] [ssl:warn] [pid 1:tid 139872170334080] AH01906: admin.rainbowbank.com:443:0 server certificate is a CA certificate (BasicConstraints: CA == TRUE !?)
[Mon Jul 15 14:32:40.258952 2024] [ssl:warn] [pid 1:tid 139872170334080] AH01909: admin.rainbowbank.com:443:0 server certificate does NOT include an ID which matches the server name
[Mon Jul 15 14:48:11.025612 2024] [ssl:warn] [pid 1:tid 139762955995008] AH01906: admin.rainbowbank.com:443:0 server certificate is a CA certificate (BasicConstraints: CA == TRUE !?)
[Mon Jul 15 14:48:11.025747 2024] [ssl:warn] [pid 1:tid 139762955995008] AH01909: admin.rainbowbank.com:443:0 server certificate does NOT include an ID which matches the server name
[Mon Jul 15 14:48:11.028594 2024] [ssl:warn] [pid 1:tid 139762955995008] AH01906: admin.rainbowbank.com:443:0 server certificate is a CA certificate (BasicConstraints: CA == TRUE !?)
[Mon Jul 15 14:48:11.028609 2024] [ssl:warn] [pid 1:tid 139762955995008] AH01909: admin.rainbowbank.com:443:0 server certificate does NOT include an ID which matches the server name
[Mon Jul 15 15:03:53.567184 2024] [ssl:warn] [pid 1:tid 140628698597248] AH01906: admin.rainbowbank.com:443:0 server certificate is a CA certificate (BasicConstraints: CA == TRUE !?)
[Mon Jul 15 15:03:53.567311 2024] [ssl:warn] [pid 1:tid 140628698597248] AH01909: admin.rainbowbank.com:443:0 server certificate does NOT include an ID which matches the server name
[Mon Jul 15 15:03:53.570054 2024] [ssl:warn] [pid 1:tid 140628698597248] AH01906: admin.rainbowbank.com:443:0 server certificate is a CA certificate (BasicConstraints: CA == TRUE !?)
[Mon Jul 15 15:03:53.570070 2024] [ssl:warn] [pid 1:tid 140628698597248] AH01909: admin.rainbowbank.com:443:0 server certificate does NOT include an ID which matches the server name
[Mon Jul 15 15:07:46.208113 2024] [ssl:warn] [pid 1:tid 140061233039232] AH01906: admin.rainbowbank.com:443:0 server certificate is a CA certificate (BasicConstraints: CA == TRUE !?)
[Mon Jul 15 15:07:46.208242 2024] [ssl:warn] [pid 1:tid 140061233039232] AH01909: admin.rainbowbank.com:443:0 server certificate does NOT include an ID which matches the server name
[Mon Jul 15 15:07:46.211271 2024] [ssl:warn] [pid 1:tid 140061233039232] AH01906: admin.rainbowbank.com:443:0 server certificate is a CA certificate (BasicConstraints: CA == TRUE !?)
[Mon Jul 15 15:07:46.211290 2024] [ssl:warn] [pid 1:tid 140061233039232] AH01909: admin.rainbowbank.com:443:0 server certificate does NOT include an ID which matches the server name
[Mon Jul 15 17:43:44.222661 2024] [ssl:warn] [pid 1:tid 139861079623552] AH01906: admin.rainbowbank.com:443:0 server certificate is a CA certificate (BasicConstraints: CA == TRUE !?)
[Mon Jul 15 17:43:44.223953 2024] [ssl:warn] [pid 1:tid 139861079623552] AH01909: admin.rainbowbank.com:443:0 server certificate does NOT include an ID which matches the server name
[Mon Jul 15 17:43:44.227063 2024] [ssl:warn] [pid 1:tid 139861079623552] AH01906: admin.rainbowbank.com:443:0 server certificate is a CA certificate (BasicConstraints: CA == TRUE !?)
[Mon Jul 15 17:43:44.227074 2024] [ssl:warn] [pid 1:tid 139861079623552] AH01909: admin.rainbowbank.com:443:0 server certificate does NOT include an ID which matches the server name
[Mon Jul 15 18:37:22.274661 2024] [ssl:warn] [pid 1:tid 139940227266432] AH01906: admin.rainbowbank.com:443:0 server certificate is a CA certificate (BasicConstraints: CA == TRUE !?)
[Mon Jul 15 18:37:22.274821 2024] [ssl:warn] [pid 1:tid 139940227266432] AH01909: admin.rainbowbank.com:443:0 server certificate does NOT include an ID which matches the server name
[Mon Jul 15 18:37:22.279058 2024] [ssl:warn] [pid 1:tid 139940227266432] AH01906: admin.rainbowbank.com:443:0 server certificate is a CA certificate (BasicConstraints: CA == TRUE !?)
[Mon Jul 15 18:37:22.279077 2024] [ssl:warn] [pid 1:tid 139940227266432] AH01909: admin.rainbowbank.com:443:0 server certificate does NOT include an ID which matches the server name
