[Wed Jul 10 17:36:48.023991 2024] [ssl:warn] [pid 1:tid 139942244128640] AH01906: extranet.rainbowbank.com:443:0 server certificate is a CA certificate (BasicConstraints: CA == TRUE !?)
[Wed Jul 10 17:36:48.024003 2024] [ssl:warn] [pid 1:tid 139942244128640] AH01909: extranet.rainbowbank.com:443:0 server certificate does NOT include an ID which matches the server name
[Wed Jul 10 17:36:48.026611 2024] [ssl:warn] [pid 1:tid 139942244128640] AH01906: extranet.rainbowbank.com:443:0 server certificate is a CA certificate (BasicConstraints: CA == TRUE !?)
[Wed Jul 10 17:36:48.026620 2024] [ssl:warn] [pid 1:tid 139942244128640] AH01909: extranet.rainbowbank.com:443:0 server certificate does NOT include an ID which matches the server name
[Wed Jul 10 18:32:38.432261 2024] [ssl:warn] [pid 1:tid 140206209468288] AH01906: extranet.rainbowbank.com:443:0 server certificate is a CA certificate (BasicConstraints: CA == TRUE !?)
[Wed Jul 10 18:32:38.432274 2024] [ssl:warn] [pid 1:tid 140206209468288] AH01909: extranet.rainbowbank.com:443:0 server certificate does NOT include an ID which matches the server name
[Wed Jul 10 18:32:38.435387 2024] [ssl:warn] [pid 1:tid 140206209468288] AH01906: extranet.rainbowbank.com:443:0 server certificate is a CA certificate (BasicConstraints: CA == TRUE !?)
[Wed Jul 10 18:32:38.435396 2024] [ssl:warn] [pid 1:tid 140206209468288] AH01909: extranet.rainbowbank.com:443:0 server certificate does NOT include an ID which matches the server name
[Wed Jul 10 18:34:17.305685 2024] [ssl:warn] [pid 1:tid 140230433085312] AH01906: extranet.rainbowbank.com:443:0 server certificate is a CA certificate (BasicConstraints: CA == TRUE !?)
[Wed Jul 10 18:34:17.305700 2024] [ssl:warn] [pid 1:tid 140230433085312] AH01909: extranet.rainbowbank.com:443:0 server certificate does NOT include an ID which matches the server name
[Wed Jul 10 18:34:17.308751 2024] [ssl:warn] [pid 1:tid 140230433085312] AH01906: extranet.rainbowbank.com:443:0 server certificate is a CA certificate (BasicConstraints: CA == TRUE !?)
[Wed Jul 10 18:34:17.308760 2024] [ssl:warn] [pid 1:tid 140230433085312] AH01909: extranet.rainbowbank.com:443:0 server certificate does NOT include an ID which matches the server name
[Wed Jul 10 18:42:37.867339 2024] [ssl:warn] [pid 1:tid 140043467609984] AH01906: extranet.rainbowbank.com:443:0 server certificate is a CA certificate (BasicConstraints: CA == TRUE !?)
[Wed Jul 10 18:42:37.867353 2024] [ssl:warn] [pid 1:tid 140043467609984] AH01909: extranet.rainbowbank.com:443:0 server certificate does NOT include an ID which matches the server name
[Wed Jul 10 18:42:37.870404 2024] [ssl:warn] [pid 1:tid 140043467609984] AH01906: extranet.rainbowbank.com:443:0 server certificate is a CA certificate (BasicConstraints: CA == TRUE !?)
[Wed Jul 10 18:42:37.870413 2024] [ssl:warn] [pid 1:tid 140043467609984] AH01909: extranet.rainbowbank.com:443:0 server certificate does NOT include an ID which matches the server name
[Wed Jul 10 18:49:57.488490 2024] [ssl:warn] [pid 1:tid 139758934054784] AH01906: extranet.rainbowbank.com:443:0 server certificate is a CA certificate (BasicConstraints: CA == TRUE !?)
[Wed Jul 10 18:49:57.488504 2024] [ssl:warn] [pid 1:tid 139758934054784] AH01909: extranet.rainbowbank.com:443:0 server certificate does NOT include an ID which matches the server name
[Wed Jul 10 18:49:57.491165 2024] [ssl:warn] [pid 1:tid 139758934054784] AH01906: extranet.rainbowbank.com:443:0 server certificate is a CA certificate (BasicConstraints: CA == TRUE !?)
[Wed Jul 10 18:49:57.491174 2024] [ssl:warn] [pid 1:tid 139758934054784] AH01909: extranet.rainbowbank.com:443:0 server certificate does NOT include an ID which matches the server name
[Wed Jul 10 19:09:58.146750 2024] [ssl:warn] [pid 1:tid 140691429955456] AH01906: extranet.rainbowbank.com:443:0 server certificate is a CA certificate (BasicConstraints: CA == TRUE !?)
[Wed Jul 10 19:09:58.146768 2024] [ssl:warn] [pid 1:tid 140691429955456] AH01909: extranet.rainbowbank.com:443:0 server certificate does NOT include an ID which matches the server name
[Wed Jul 10 19:09:58.150630 2024] [ssl:warn] [pid 1:tid 140691429955456] AH01906: extranet.rainbowbank.com:443:0 server certificate is a CA certificate (BasicConstraints: CA == TRUE !?)
[Wed Jul 10 19:09:58.150648 2024] [ssl:warn] [pid 1:tid 140691429955456] AH01909: extranet.rainbowbank.com:443:0 server certificate does NOT include an ID which matches the server name
[Wed Jul 10 19:17:03.949342 2024] [ssl:warn] [pid 1:tid 140148762388352] AH01906: extranet.rainbowbank.com:443:0 server certificate is a CA certificate (BasicConstraints: CA == TRUE !?)
[Wed Jul 10 19:17:03.949353 2024] [ssl:warn] [pid 1:tid 140148762388352] AH01909: extranet.rainbowbank.com:443:0 server certificate does NOT include an ID which matches the server name
[Wed Jul 10 19:17:03.952217 2024] [ssl:warn] [pid 1:tid 140148762388352] AH01906: extranet.rainbowbank.com:443:0 server certificate is a CA certificate (BasicConstraints: CA == TRUE !?)
[Wed Jul 10 19:17:03.952226 2024] [ssl:warn] [pid 1:tid 140148762388352] AH01909: extranet.rainbowbank.com:443:0 server certificate does NOT include an ID which matches the server name
[Wed Jul 10 19:18:10.920329 2024] [ssl:warn] [pid 1:tid 140628136716160] AH01906: extranet.rainbowbank.com:443:0 server certificate is a CA certificate (BasicConstraints: CA == TRUE !?)
[Wed Jul 10 19:18:10.920340 2024] [ssl:warn] [pid 1:tid 140628136716160] AH01909: extranet.rainbowbank.com:443:0 server certificate does NOT include an ID which matches the server name
[Wed Jul 10 19:18:10.923057 2024] [ssl:warn] [pid 1:tid 140628136716160] AH01906: extranet.rainbowbank.com:443:0 server certificate is a CA certificate (BasicConstraints: CA == TRUE !?)
[Wed Jul 10 19:18:10.923068 2024] [ssl:warn] [pid 1:tid 140628136716160] AH01909: extranet.rainbowbank.com:443:0 server certificate does NOT include an ID which matches the server name
[Wed Jul 10 19:19:33.809461 2024] [ssl:warn] [pid 1:tid 140037579110272] AH01906: extranet.rainbowbank.com:443:0 server certificate is a CA certificate (BasicConstraints: CA == TRUE !?)
[Wed Jul 10 19:19:33.809472 2024] [ssl:warn] [pid 1:tid 140037579110272] AH01909: extranet.rainbowbank.com:443:0 server certificate does NOT include an ID which matches the server name
[Wed Jul 10 19:19:33.812229 2024] [ssl:warn] [pid 1:tid 140037579110272] AH01906: extranet.rainbowbank.com:443:0 server certificate is a CA certificate (BasicConstraints: CA == TRUE !?)
[Wed Jul 10 19:19:33.812239 2024] [ssl:warn] [pid 1:tid 140037579110272] AH01909: extranet.rainbowbank.com:443:0 server certificate does NOT include an ID which matches the server name
[Wed Jul 10 19:30:07.942139 2024] [ssl:warn] [pid 1:tid 140716118202240] AH01906: extranet.rainbowbank.com:443:0 server certificate is a CA certificate (BasicConstraints: CA == TRUE !?)
[Wed Jul 10 19:30:07.942153 2024] [ssl:warn] [pid 1:tid 140716118202240] AH01909: extranet.rainbowbank.com:443:0 server certificate does NOT include an ID which matches the server name
[Wed Jul 10 19:30:07.945334 2024] [ssl:warn] [pid 1:tid 140716118202240] AH01906: extranet.rainbowbank.com:443:0 server certificate is a CA certificate (BasicConstraints: CA == TRUE !?)
[Wed Jul 10 19:30:07.945345 2024] [ssl:warn] [pid 1:tid 140716118202240] AH01909: extranet.rainbowbank.com:443:0 server certificate does NOT include an ID which matches the server name
[Wed Jul 10 19:39:41.913992 2024] [ssl:warn] [pid 1:tid 140608026269568] AH01906: extranet.rainbowbank.com:443:0 server certificate is a CA certificate (BasicConstraints: CA == TRUE !?)
[Wed Jul 10 19:39:41.914005 2024] [ssl:warn] [pid 1:tid 140608026269568] AH01909: extranet.rainbowbank.com:443:0 server certificate does NOT include an ID which matches the server name
[Wed Jul 10 19:39:41.917072 2024] [ssl:warn] [pid 1:tid 140608026269568] AH01906: extranet.rainbowbank.com:443:0 server certificate is a CA certificate (BasicConstraints: CA == TRUE !?)
[Wed Jul 10 19:39:41.917081 2024] [ssl:warn] [pid 1:tid 140608026269568] AH01909: extranet.rainbowbank.com:443:0 server certificate does NOT include an ID which matches the server name
[Wed Jul 10 19:42:07.487446 2024] [ssl:warn] [pid 1:tid 140307219892096] AH01906: extranet.rainbowbank.com:443:0 server certificate is a CA certificate (BasicConstraints: CA == TRUE !?)
[Wed Jul 10 19:42:07.487466 2024] [ssl:warn] [pid 1:tid 140307219892096] AH01909: extranet.rainbowbank.com:443:0 server certificate does NOT include an ID which matches the server name
[Wed Jul 10 19:42:07.491203 2024] [ssl:warn] [pid 1:tid 140307219892096] AH01906: extranet.rainbowbank.com:443:0 server certificate is a CA certificate (BasicConstraints: CA == TRUE !?)
[Wed Jul 10 19:42:07.491215 2024] [ssl:warn] [pid 1:tid 140307219892096] AH01909: extranet.rainbowbank.com:443:0 server certificate does NOT include an ID which matches the server name
[Sat Jul 13 10:00:04.534701 2024] [ssl:warn] [pid 1:tid 140598762485632] AH01906: extranet.rainbowbank.com:443:0 server certificate is a CA certificate (BasicConstraints: CA == TRUE !?)
[Sat Jul 13 10:00:04.534901 2024] [ssl:warn] [pid 1:tid 140598762485632] AH01909: extranet.rainbowbank.com:443:0 server certificate does NOT include an ID which matches the server name
[Sat Jul 13 10:00:04.537930 2024] [ssl:warn] [pid 1:tid 140598762485632] AH01906: extranet.rainbowbank.com:443:0 server certificate is a CA certificate (BasicConstraints: CA == TRUE !?)
[Sat Jul 13 10:00:04.537939 2024] [ssl:warn] [pid 1:tid 140598762485632] AH01909: extranet.rainbowbank.com:443:0 server certificate does NOT include an ID which matches the server name
[Sat Jul 13 10:12:58.551568 2024] [ssl:warn] [pid 1:tid 140309645977472] AH01906: extranet.rainbowbank.com:443:0 server certificate is a CA certificate (BasicConstraints: CA == TRUE !?)
[Sat Jul 13 10:12:58.551578 2024] [ssl:warn] [pid 1:tid 140309645977472] AH01909: extranet.rainbowbank.com:443:0 server certificate does NOT include an ID which matches the server name
[Sat Jul 13 10:12:58.554378 2024] [ssl:warn] [pid 1:tid 140309645977472] AH01906: extranet.rainbowbank.com:443:0 server certificate is a CA certificate (BasicConstraints: CA == TRUE !?)
[Sat Jul 13 10:12:58.554388 2024] [ssl:warn] [pid 1:tid 140309645977472] AH01909: extranet.rainbowbank.com:443:0 server certificate does NOT include an ID which matches the server name
[Sat Jul 13 10:29:33.698418 2024] [ssl:warn] [pid 1:tid 140309645977472] AH01906: extranet.rainbowbank.com:443:0 server certificate is a CA certificate (BasicConstraints: CA == TRUE !?)
[Sat Jul 13 10:29:33.698428 2024] [ssl:warn] [pid 1:tid 140309645977472] AH01909: extranet.rainbowbank.com:443:0 server certificate does NOT include an ID which matches the server name
[Sat Jul 13 10:32:31.802635 2024] [ssl:warn] [pid 1:tid 140309645977472] AH01906: extranet.rainbowbank.com:443:0 server certificate is a CA certificate (BasicConstraints: CA == TRUE !?)
[Sat Jul 13 10:32:31.802645 2024] [ssl:warn] [pid 1:tid 140309645977472] AH01909: extranet.rainbowbank.com:443:0 server certificate does NOT include an ID which matches the server name
[Sat Jul 13 10:59:43.404957 2024] [ssl:warn] [pid 1:tid 140558900160384] AH01906: extranet.rainbowbank.com:443:0 server certificate is a CA certificate (BasicConstraints: CA == TRUE !?)
[Sat Jul 13 10:59:43.404969 2024] [ssl:warn] [pid 1:tid 140558900160384] AH01909: extranet.rainbowbank.com:443:0 server certificate does NOT include an ID which matches the server name
[Sat Jul 13 10:59:43.407651 2024] [ssl:warn] [pid 1:tid 140558900160384] AH01906: extranet.rainbowbank.com:443:0 server certificate is a CA certificate (BasicConstraints: CA == TRUE !?)
[Sat Jul 13 10:59:43.407661 2024] [ssl:warn] [pid 1:tid 140558900160384] AH01909: extranet.rainbowbank.com:443:0 server certificate does NOT include an ID which matches the server name
[Sat Jul 13 11:08:18.433804 2024] [ssl:warn] [pid 1:tid 140226196612992] AH01906: extranet.rainbowbank.com:443:0 server certificate is a CA certificate (BasicConstraints: CA == TRUE !?)
[Sat Jul 13 11:08:18.433815 2024] [ssl:warn] [pid 1:tid 140226196612992] AH01909: extranet.rainbowbank.com:443:0 server certificate does NOT include an ID which matches the server name
[Sat Jul 13 11:08:18.436555 2024] [ssl:warn] [pid 1:tid 140226196612992] AH01906: extranet.rainbowbank.com:443:0 server certificate is a CA certificate (BasicConstraints: CA == TRUE !?)
[Sat Jul 13 11:08:18.436570 2024] [ssl:warn] [pid 1:tid 140226196612992] AH01909: extranet.rainbowbank.com:443:0 server certificate does NOT include an ID which matches the server name
[Sat Jul 13 11:17:34.435156 2024] [ssl:warn] [pid 1:tid 139806481491840] AH01906: extranet.rainbowbank.com:443:0 server certificate is a CA certificate (BasicConstraints: CA == TRUE !?)
[Sat Jul 13 11:17:34.435166 2024] [ssl:warn] [pid 1:tid 139806481491840] AH01909: extranet.rainbowbank.com:443:0 server certificate does NOT include an ID which matches the server name
[Sat Jul 13 11:17:34.437594 2024] [ssl:warn] [pid 1:tid 139806481491840] AH01906: extranet.rainbowbank.com:443:0 server certificate is a CA certificate (BasicConstraints: CA == TRUE !?)
[Sat Jul 13 11:17:34.437602 2024] [ssl:warn] [pid 1:tid 139806481491840] AH01909: extranet.rainbowbank.com:443:0 server certificate does NOT include an ID which matches the server name
[Sat Jul 13 11:18:37.825182 2024] [ssl:warn] [pid 1:tid 140589551069056] AH01906: extranet.rainbowbank.com:443:0 server certificate is a CA certificate (BasicConstraints: CA == TRUE !?)
[Sat Jul 13 11:18:37.825194 2024] [ssl:warn] [pid 1:tid 140589551069056] AH01909: extranet.rainbowbank.com:443:0 server certificate does NOT include an ID which matches the server name
[Sat Jul 13 11:18:37.828041 2024] [ssl:warn] [pid 1:tid 140589551069056] AH01906: extranet.rainbowbank.com:443:0 server certificate is a CA certificate (BasicConstraints: CA == TRUE !?)
[Sat Jul 13 11:18:37.828051 2024] [ssl:warn] [pid 1:tid 140589551069056] AH01909: extranet.rainbowbank.com:443:0 server certificate does NOT include an ID which matches the server name
[Sat Jul 13 11:21:49.684806 2024] [ssl:warn] [pid 1:tid 140548756887424] AH01906: extranet.rainbowbank.com:443:0 server certificate is a CA certificate (BasicConstraints: CA == TRUE !?)
[Sat Jul 13 11:21:49.684816 2024] [ssl:warn] [pid 1:tid 140548756887424] AH01909: extranet.rainbowbank.com:443:0 server certificate does NOT include an ID which matches the server name
[Sat Jul 13 11:21:49.687412 2024] [ssl:warn] [pid 1:tid 140548756887424] AH01906: extranet.rainbowbank.com:443:0 server certificate is a CA certificate (BasicConstraints: CA == TRUE !?)
[Sat Jul 13 11:21:49.687421 2024] [ssl:warn] [pid 1:tid 140548756887424] AH01909: extranet.rainbowbank.com:443:0 server certificate does NOT include an ID which matches the server name
[Sat Jul 13 11:44:50.289978 2024] [ssl:warn] [pid 1:tid 140164743907200] AH01906: extranet.rainbowbank.com:443:0 server certificate is a CA certificate (BasicConstraints: CA == TRUE !?)
[Sat Jul 13 11:44:50.289988 2024] [ssl:warn] [pid 1:tid 140164743907200] AH01909: extranet.rainbowbank.com:443:0 server certificate does NOT include an ID which matches the server name
[Sat Jul 13 11:44:50.292553 2024] [ssl:warn] [pid 1:tid 140164743907200] AH01906: extranet.rainbowbank.com:443:0 server certificate is a CA certificate (BasicConstraints: CA == TRUE !?)
[Sat Jul 13 11:44:50.292562 2024] [ssl:warn] [pid 1:tid 140164743907200] AH01909: extranet.rainbowbank.com:443:0 server certificate does NOT include an ID which matches the server name
[Sat Jul 13 11:51:00.568307 2024] [ssl:warn] [pid 1:tid 140183173240704] AH01906: extranet.rainbowbank.com:443:0 server certificate is a CA certificate (BasicConstraints: CA == TRUE !?)
[Sat Jul 13 11:51:00.568318 2024] [ssl:warn] [pid 1:tid 140183173240704] AH01909: extranet.rainbowbank.com:443:0 server certificate does NOT include an ID which matches the server name
[Sat Jul 13 11:51:00.570987 2024] [ssl:warn] [pid 1:tid 140183173240704] AH01906: extranet.rainbowbank.com:443:0 server certificate is a CA certificate (BasicConstraints: CA == TRUE !?)
[Sat Jul 13 11:51:00.570996 2024] [ssl:warn] [pid 1:tid 140183173240704] AH01909: extranet.rainbowbank.com:443:0 server certificate does NOT include an ID which matches the server name
[Sat Jul 13 11:51:58.250379 2024] [ssl:warn] [pid 1:tid 139657541662592] AH01906: extranet.rainbowbank.com:443:0 server certificate is a CA certificate (BasicConstraints: CA == TRUE !?)
[Sat Jul 13 11:51:58.250410 2024] [ssl:warn] [pid 1:tid 139657541662592] AH01909: extranet.rainbowbank.com:443:0 server certificate does NOT include an ID which matches the server name
[Sat Jul 13 11:51:58.254607 2024] [ssl:warn] [pid 1:tid 139657541662592] AH01906: extranet.rainbowbank.com:443:0 server certificate is a CA certificate (BasicConstraints: CA == TRUE !?)
[Sat Jul 13 11:51:58.254621 2024] [ssl:warn] [pid 1:tid 139657541662592] AH01909: extranet.rainbowbank.com:443:0 server certificate does NOT include an ID which matches the server name
[Sun Jul 14 09:07:36.538752 2024] [ssl:warn] [pid 1:tid 139935862843264] AH01906: extranet.rainbowbank.com:443:0 server certificate is a CA certificate (BasicConstraints: CA == TRUE !?)
[Sun Jul 14 09:07:36.538853 2024] [ssl:warn] [pid 1:tid 139935862843264] AH01909: extranet.rainbowbank.com:443:0 server certificate does NOT include an ID which matches the server name
[Sun Jul 14 09:07:36.541791 2024] [ssl:warn] [pid 1:tid 139935862843264] AH01906: extranet.rainbowbank.com:443:0 server certificate is a CA certificate (BasicConstraints: CA == TRUE !?)
[Sun Jul 14 09:07:36.541800 2024] [ssl:warn] [pid 1:tid 139935862843264] AH01909: extranet.rainbowbank.com:443:0 server certificate does NOT include an ID which matches the server name
[Sun Jul 14 09:12:22.858705 2024] [ssl:warn] [pid 1:tid 140427642439552] AH01906: extranet.rainbowbank.com:443:0 server certificate is a CA certificate (BasicConstraints: CA == TRUE !?)
[Sun Jul 14 09:12:22.858718 2024] [ssl:warn] [pid 1:tid 140427642439552] AH01909: extranet.rainbowbank.com:443:0 server certificate does NOT include an ID which matches the server name
[Sun Jul 14 09:12:22.861524 2024] [ssl:warn] [pid 1:tid 140427642439552] AH01906: extranet.rainbowbank.com:443:0 server certificate is a CA certificate (BasicConstraints: CA == TRUE !?)
[Sun Jul 14 09:12:22.861537 2024] [ssl:warn] [pid 1:tid 140427642439552] AH01909: extranet.rainbowbank.com:443:0 server certificate does NOT include an ID which matches the server name
[Sun Jul 14 09:28:13.204189 2024] [ssl:warn] [pid 1:tid 139621282895744] AH01906: extranet.rainbowbank.com:443:0 server certificate is a CA certificate (BasicConstraints: CA == TRUE !?)
[Sun Jul 14 09:28:13.204202 2024] [ssl:warn] [pid 1:tid 139621282895744] AH01909: extranet.rainbowbank.com:443:0 server certificate does NOT include an ID which matches the server name
[Sun Jul 14 09:28:13.206865 2024] [ssl:warn] [pid 1:tid 139621282895744] AH01906: extranet.rainbowbank.com:443:0 server certificate is a CA certificate (BasicConstraints: CA == TRUE !?)
[Sun Jul 14 09:28:13.206877 2024] [ssl:warn] [pid 1:tid 139621282895744] AH01909: extranet.rainbowbank.com:443:0 server certificate does NOT include an ID which matches the server name
[Sun Jul 14 09:29:45.404186 2024] [ssl:warn] [pid 1:tid 140144364365696] AH01906: extranet.rainbowbank.com:443:0 server certificate is a CA certificate (BasicConstraints: CA == TRUE !?)
[Sun Jul 14 09:29:45.404204 2024] [ssl:warn] [pid 1:tid 140144364365696] AH01909: extranet.rainbowbank.com:443:0 server certificate does NOT include an ID which matches the server name
[Sun Jul 14 09:29:45.407285 2024] [ssl:warn] [pid 1:tid 140144364365696] AH01906: extranet.rainbowbank.com:443:0 server certificate is a CA certificate (BasicConstraints: CA == TRUE !?)
[Sun Jul 14 09:29:45.407297 2024] [ssl:warn] [pid 1:tid 140144364365696] AH01909: extranet.rainbowbank.com:443:0 server certificate does NOT include an ID which matches the server name
[Sun Jul 14 09:30:39.670660 2024] [ssl:warn] [pid 1:tid 140252787763072] AH01906: extranet.rainbowbank.com:443:0 server certificate is a CA certificate (BasicConstraints: CA == TRUE !?)
[Sun Jul 14 09:30:39.670675 2024] [ssl:warn] [pid 1:tid 140252787763072] AH01909: extranet.rainbowbank.com:443:0 server certificate does NOT include an ID which matches the server name
[Sun Jul 14 09:30:39.673391 2024] [ssl:warn] [pid 1:tid 140252787763072] AH01906: extranet.rainbowbank.com:443:0 server certificate is a CA certificate (BasicConstraints: CA == TRUE !?)
[Sun Jul 14 09:30:39.673412 2024] [ssl:warn] [pid 1:tid 140252787763072] AH01909: extranet.rainbowbank.com:443:0 server certificate does NOT include an ID which matches the server name
[Sun Jul 14 09:55:50.597900 2024] [ssl:warn] [pid 1:tid 139653194352512] AH01906: extranet.rainbowbank.com:443:0 server certificate is a CA certificate (BasicConstraints: CA == TRUE !?)
[Sun Jul 14 09:55:50.597916 2024] [ssl:warn] [pid 1:tid 139653194352512] AH01909: extranet.rainbowbank.com:443:0 server certificate does NOT include an ID which matches the server name
[Sun Jul 14 09:55:50.600749 2024] [ssl:warn] [pid 1:tid 139653194352512] AH01906: extranet.rainbowbank.com:443:0 server certificate is a CA certificate (BasicConstraints: CA == TRUE !?)
[Sun Jul 14 09:55:50.600762 2024] [ssl:warn] [pid 1:tid 139653194352512] AH01909: extranet.rainbowbank.com:443:0 server certificate does NOT include an ID which matches the server name
[Sun Jul 14 10:11:16.556359 2024] [ssl:warn] [pid 1:tid 140042744469376] AH01906: extranet.rainbowbank.com:443:0 server certificate is a CA certificate (BasicConstraints: CA == TRUE !?)
[Sun Jul 14 10:11:16.556374 2024] [ssl:warn] [pid 1:tid 140042744469376] AH01909: extranet.rainbowbank.com:443:0 server certificate does NOT include an ID which matches the server name
[Sun Jul 14 10:11:16.559147 2024] [ssl:warn] [pid 1:tid 140042744469376] AH01906: extranet.rainbowbank.com:443:0 server certificate is a CA certificate (BasicConstraints: CA == TRUE !?)
[Sun Jul 14 10:11:16.559159 2024] [ssl:warn] [pid 1:tid 140042744469376] AH01909: extranet.rainbowbank.com:443:0 server certificate does NOT include an ID which matches the server name
[Sun Jul 14 10:14:17.626807 2024] [ssl:warn] [pid 1:tid 140616967735168] AH01906: extranet.rainbowbank.com:443:0 server certificate is a CA certificate (BasicConstraints: CA == TRUE !?)
[Sun Jul 14 10:14:17.626823 2024] [ssl:warn] [pid 1:tid 140616967735168] AH01909: extranet.rainbowbank.com:443:0 server certificate does NOT include an ID which matches the server name
[Sun Jul 14 10:14:17.629494 2024] [ssl:warn] [pid 1:tid 140616967735168] AH01906: extranet.rainbowbank.com:443:0 server certificate is a CA certificate (BasicConstraints: CA == TRUE !?)
[Sun Jul 14 10:14:17.629510 2024] [ssl:warn] [pid 1:tid 140616967735168] AH01909: extranet.rainbowbank.com:443:0 server certificate does NOT include an ID which matches the server name
[Sun Jul 14 10:17:19.547850 2024] [ssl:warn] [pid 1:tid 140190135641984] AH01906: extranet.rainbowbank.com:443:0 server certificate is a CA certificate (BasicConstraints: CA == TRUE !?)
[Sun Jul 14 10:17:19.547867 2024] [ssl:warn] [pid 1:tid 140190135641984] AH01909: extranet.rainbowbank.com:443:0 server certificate does NOT include an ID which matches the server name
[Sun Jul 14 10:17:19.550614 2024] [ssl:warn] [pid 1:tid 140190135641984] AH01906: extranet.rainbowbank.com:443:0 server certificate is a CA certificate (BasicConstraints: CA == TRUE !?)
[Sun Jul 14 10:17:19.550628 2024] [ssl:warn] [pid 1:tid 140190135641984] AH01909: extranet.rainbowbank.com:443:0 server certificate does NOT include an ID which matches the server name
[Sun Jul 14 10:23:52.363482 2024] [ssl:warn] [pid 1:tid 139970784376704] AH01906: extranet.rainbowbank.com:443:0 server certificate is a CA certificate (BasicConstraints: CA == TRUE !?)
[Sun Jul 14 10:23:52.363497 2024] [ssl:warn] [pid 1:tid 139970784376704] AH01909: extranet.rainbowbank.com:443:0 server certificate does NOT include an ID which matches the server name
[Sun Jul 14 10:23:52.366413 2024] [ssl:warn] [pid 1:tid 139970784376704] AH01906: extranet.rainbowbank.com:443:0 server certificate is a CA certificate (BasicConstraints: CA == TRUE !?)
[Sun Jul 14 10:23:52.366425 2024] [ssl:warn] [pid 1:tid 139970784376704] AH01909: extranet.rainbowbank.com:443:0 server certificate does NOT include an ID which matches the server name
[Sun Jul 14 10:27:03.996794 2024] [ssl:warn] [pid 1:tid 139689879410560] AH01906: extranet.rainbowbank.com:443:0 server certificate is a CA certificate (BasicConstraints: CA == TRUE !?)
[Sun Jul 14 10:27:03.996818 2024] [ssl:warn] [pid 1:tid 139689879410560] AH01909: extranet.rainbowbank.com:443:0 server certificate does NOT include an ID which matches the server name
[Sun Jul 14 10:27:03.999620 2024] [ssl:warn] [pid 1:tid 139689879410560] AH01906: extranet.rainbowbank.com:443:0 server certificate is a CA certificate (BasicConstraints: CA == TRUE !?)
[Sun Jul 14 10:27:03.999633 2024] [ssl:warn] [pid 1:tid 139689879410560] AH01909: extranet.rainbowbank.com:443:0 server certificate does NOT include an ID which matches the server name
[Sun Jul 14 10:31:45.456734 2024] [ssl:warn] [pid 1:tid 140201584023424] AH01906: extranet.rainbowbank.com:443:0 server certificate is a CA certificate (BasicConstraints: CA == TRUE !?)
[Sun Jul 14 10:31:45.456751 2024] [ssl:warn] [pid 1:tid 140201584023424] AH01909: extranet.rainbowbank.com:443:0 server certificate does NOT include an ID which matches the server name
[Sun Jul 14 10:31:45.459773 2024] [ssl:warn] [pid 1:tid 140201584023424] AH01906: extranet.rainbowbank.com:443:0 server certificate is a CA certificate (BasicConstraints: CA == TRUE !?)
[Sun Jul 14 10:31:45.459786 2024] [ssl:warn] [pid 1:tid 140201584023424] AH01909: extranet.rainbowbank.com:443:0 server certificate does NOT include an ID which matches the server name
[Sun Jul 14 10:35:52.510324 2024] [ssl:warn] [pid 1:tid 140520533804928] AH01906: extranet.rainbowbank.com:443:0 server certificate is a CA certificate (BasicConstraints: CA == TRUE !?)
[Sun Jul 14 10:35:52.510339 2024] [ssl:warn] [pid 1:tid 140520533804928] AH01909: extranet.rainbowbank.com:443:0 server certificate does NOT include an ID which matches the server name
[Sun Jul 14 10:35:52.513185 2024] [ssl:warn] [pid 1:tid 140520533804928] AH01906: extranet.rainbowbank.com:443:0 server certificate is a CA certificate (BasicConstraints: CA == TRUE !?)
[Sun Jul 14 10:35:52.513198 2024] [ssl:warn] [pid 1:tid 140520533804928] AH01909: extranet.rainbowbank.com:443:0 server certificate does NOT include an ID which matches the server name
[Sun Jul 14 10:38:20.808025 2024] [ssl:warn] [pid 1:tid 140715679623040] AH01906: extranet.rainbowbank.com:443:0 server certificate is a CA certificate (BasicConstraints: CA == TRUE !?)
[Sun Jul 14 10:38:20.808046 2024] [ssl:warn] [pid 1:tid 140715679623040] AH01909: extranet.rainbowbank.com:443:0 server certificate does NOT include an ID which matches the server name
[Sun Jul 14 10:38:20.810852 2024] [ssl:warn] [pid 1:tid 140715679623040] AH01906: extranet.rainbowbank.com:443:0 server certificate is a CA certificate (BasicConstraints: CA == TRUE !?)
[Sun Jul 14 10:38:20.810864 2024] [ssl:warn] [pid 1:tid 140715679623040] AH01909: extranet.rainbowbank.com:443:0 server certificate does NOT include an ID which matches the server name
[Sun Jul 14 10:40:01.812158 2024] [ssl:warn] [pid 1:tid 139660184549248] AH01906: extranet.rainbowbank.com:443:0 server certificate is a CA certificate (BasicConstraints: CA == TRUE !?)
[Sun Jul 14 10:40:01.812171 2024] [ssl:warn] [pid 1:tid 139660184549248] AH01909: extranet.rainbowbank.com:443:0 server certificate does NOT include an ID which matches the server name
[Sun Jul 14 10:40:01.814997 2024] [ssl:warn] [pid 1:tid 139660184549248] AH01906: extranet.rainbowbank.com:443:0 server certificate is a CA certificate (BasicConstraints: CA == TRUE !?)
[Sun Jul 14 10:40:01.815015 2024] [ssl:warn] [pid 1:tid 139660184549248] AH01909: extranet.rainbowbank.com:443:0 server certificate does NOT include an ID which matches the server name
[Sun Jul 14 10:43:55.959779 2024] [ssl:warn] [pid 1:tid 140636976457600] AH01906: extranet.rainbowbank.com:443:0 server certificate is a CA certificate (BasicConstraints: CA == TRUE !?)
[Sun Jul 14 10:43:55.959794 2024] [ssl:warn] [pid 1:tid 140636976457600] AH01909: extranet.rainbowbank.com:443:0 server certificate does NOT include an ID which matches the server name
[Sun Jul 14 10:43:55.962662 2024] [ssl:warn] [pid 1:tid 140636976457600] AH01906: extranet.rainbowbank.com:443:0 server certificate is a CA certificate (BasicConstraints: CA == TRUE !?)
[Sun Jul 14 10:43:55.962684 2024] [ssl:warn] [pid 1:tid 140636976457600] AH01909: extranet.rainbowbank.com:443:0 server certificate does NOT include an ID which matches the server name
[Sun Jul 14 10:45:20.898614 2024] [ssl:warn] [pid 1:tid 140209881081728] AH01906: extranet.rainbowbank.com:443:0 server certificate is a CA certificate (BasicConstraints: CA == TRUE !?)
[Sun Jul 14 10:45:20.898628 2024] [ssl:warn] [pid 1:tid 140209881081728] AH01909: extranet.rainbowbank.com:443:0 server certificate does NOT include an ID which matches the server name
[Sun Jul 14 10:45:20.901279 2024] [ssl:warn] [pid 1:tid 140209881081728] AH01906: extranet.rainbowbank.com:443:0 server certificate is a CA certificate (BasicConstraints: CA == TRUE !?)
[Sun Jul 14 10:45:20.901291 2024] [ssl:warn] [pid 1:tid 140209881081728] AH01909: extranet.rainbowbank.com:443:0 server certificate does NOT include an ID which matches the server name
[Sun Jul 14 10:47:53.584392 2024] [ssl:warn] [pid 1:tid 140496704173952] AH01906: extranet.rainbowbank.com:443:0 server certificate is a CA certificate (BasicConstraints: CA == TRUE !?)
[Sun Jul 14 10:47:53.584410 2024] [ssl:warn] [pid 1:tid 140496704173952] AH01909: extranet.rainbowbank.com:443:0 server certificate does NOT include an ID which matches the server name
[Sun Jul 14 10:47:53.587472 2024] [ssl:warn] [pid 1:tid 140496704173952] AH01906: extranet.rainbowbank.com:443:0 server certificate is a CA certificate (BasicConstraints: CA == TRUE !?)
[Sun Jul 14 10:47:53.587485 2024] [ssl:warn] [pid 1:tid 140496704173952] AH01909: extranet.rainbowbank.com:443:0 server certificate does NOT include an ID which matches the server name
[Sun Jul 14 10:50:14.483673 2024] [ssl:warn] [pid 1:tid 140568609429376] AH01906: extranet.rainbowbank.com:443:0 server certificate is a CA certificate (BasicConstraints: CA == TRUE !?)
[Sun Jul 14 10:50:14.483692 2024] [ssl:warn] [pid 1:tid 140568609429376] AH01909: extranet.rainbowbank.com:443:0 server certificate does NOT include an ID which matches the server name
[Sun Jul 14 10:50:14.486859 2024] [ssl:warn] [pid 1:tid 140568609429376] AH01906: extranet.rainbowbank.com:443:0 server certificate is a CA certificate (BasicConstraints: CA == TRUE !?)
[Sun Jul 14 10:50:14.486874 2024] [ssl:warn] [pid 1:tid 140568609429376] AH01909: extranet.rainbowbank.com:443:0 server certificate does NOT include an ID which matches the server name
[Sun Jul 14 10:59:41.376846 2024] [ssl:warn] [pid 1:tid 139787464419200] AH01906: extranet.rainbowbank.com:443:0 server certificate is a CA certificate (BasicConstraints: CA == TRUE !?)
[Sun Jul 14 10:59:41.376861 2024] [ssl:warn] [pid 1:tid 139787464419200] AH01909: extranet.rainbowbank.com:443:0 server certificate does NOT include an ID which matches the server name
[Sun Jul 14 10:59:41.379538 2024] [ssl:warn] [pid 1:tid 139787464419200] AH01906: extranet.rainbowbank.com:443:0 server certificate is a CA certificate (BasicConstraints: CA == TRUE !?)
[Sun Jul 14 10:59:41.379550 2024] [ssl:warn] [pid 1:tid 139787464419200] AH01909: extranet.rainbowbank.com:443:0 server certificate does NOT include an ID which matches the server name
[Sun Jul 14 11:01:09.307567 2024] [ssl:warn] [pid 1:tid 139689382365056] AH01906: extranet.rainbowbank.com:443:0 server certificate is a CA certificate (BasicConstraints: CA == TRUE !?)
[Sun Jul 14 11:01:09.307583 2024] [ssl:warn] [pid 1:tid 139689382365056] AH01909: extranet.rainbowbank.com:443:0 server certificate does NOT include an ID which matches the server name
[Sun Jul 14 11:01:09.310333 2024] [ssl:warn] [pid 1:tid 139689382365056] AH01906: extranet.rainbowbank.com:443:0 server certificate is a CA certificate (BasicConstraints: CA == TRUE !?)
[Sun Jul 14 11:01:09.310345 2024] [ssl:warn] [pid 1:tid 139689382365056] AH01909: extranet.rainbowbank.com:443:0 server certificate does NOT include an ID which matches the server name
[Sun Jul 14 11:01:32.907934 2024] [ssl:warn] [pid 1:tid 140669884753792] AH01906: extranet.rainbowbank.com:443:0 server certificate is a CA certificate (BasicConstraints: CA == TRUE !?)
[Sun Jul 14 11:01:32.907962 2024] [ssl:warn] [pid 1:tid 140669884753792] AH01909: extranet.rainbowbank.com:443:0 server certificate does NOT include an ID which matches the server name
[Sun Jul 14 11:01:32.911085 2024] [ssl:warn] [pid 1:tid 140669884753792] AH01906: extranet.rainbowbank.com:443:0 server certificate is a CA certificate (BasicConstraints: CA == TRUE !?)
[Sun Jul 14 11:01:32.911097 2024] [ssl:warn] [pid 1:tid 140669884753792] AH01909: extranet.rainbowbank.com:443:0 server certificate does NOT include an ID which matches the server name
[Sun Jul 14 11:04:10.944667 2024] [ssl:warn] [pid 1:tid 140717611542400] AH01906: extranet.rainbowbank.com:443:0 server certificate is a CA certificate (BasicConstraints: CA == TRUE !?)
[Sun Jul 14 11:04:10.944681 2024] [ssl:warn] [pid 1:tid 140717611542400] AH01909: extranet.rainbowbank.com:443:0 server certificate does NOT include an ID which matches the server name
[Sun Jul 14 11:04:10.947487 2024] [ssl:warn] [pid 1:tid 140717611542400] AH01906: extranet.rainbowbank.com:443:0 server certificate is a CA certificate (BasicConstraints: CA == TRUE !?)
[Sun Jul 14 11:04:10.947499 2024] [ssl:warn] [pid 1:tid 140717611542400] AH01909: extranet.rainbowbank.com:443:0 server certificate does NOT include an ID which matches the server name
[Sun Jul 14 11:05:55.953244 2024] [ssl:warn] [pid 1:tid 139903110453120] AH01906: extranet.rainbowbank.com:443:0 server certificate is a CA certificate (BasicConstraints: CA == TRUE !?)
[Sun Jul 14 11:05:55.953258 2024] [ssl:warn] [pid 1:tid 139903110453120] AH01909: extranet.rainbowbank.com:443:0 server certificate does NOT include an ID which matches the server name
[Sun Jul 14 11:05:55.955973 2024] [ssl:warn] [pid 1:tid 139903110453120] AH01906: extranet.rainbowbank.com:443:0 server certificate is a CA certificate (BasicConstraints: CA == TRUE !?)
[Sun Jul 14 11:05:55.955985 2024] [ssl:warn] [pid 1:tid 139903110453120] AH01909: extranet.rainbowbank.com:443:0 server certificate does NOT include an ID which matches the server name
[Sun Jul 14 11:09:57.549528 2024] [ssl:warn] [pid 1:tid 140301672093568] AH01906: extranet.rainbowbank.com:443:0 server certificate is a CA certificate (BasicConstraints: CA == TRUE !?)
[Sun Jul 14 11:09:57.549542 2024] [ssl:warn] [pid 1:tid 140301672093568] AH01909: extranet.rainbowbank.com:443:0 server certificate does NOT include an ID which matches the server name
[Sun Jul 14 11:09:57.552478 2024] [ssl:warn] [pid 1:tid 140301672093568] AH01906: extranet.rainbowbank.com:443:0 server certificate is a CA certificate (BasicConstraints: CA == TRUE !?)
[Sun Jul 14 11:09:57.552492 2024] [ssl:warn] [pid 1:tid 140301672093568] AH01909: extranet.rainbowbank.com:443:0 server certificate does NOT include an ID which matches the server name
[Sun Jul 14 11:13:47.836056 2024] [ssl:warn] [pid 1:tid 140570451679104] AH01906: extranet.rainbowbank.com:443:0 server certificate is a CA certificate (BasicConstraints: CA == TRUE !?)
[Sun Jul 14 11:13:47.836072 2024] [ssl:warn] [pid 1:tid 140570451679104] AH01909: extranet.rainbowbank.com:443:0 server certificate does NOT include an ID which matches the server name
[Sun Jul 14 11:13:47.838853 2024] [ssl:warn] [pid 1:tid 140570451679104] AH01906: extranet.rainbowbank.com:443:0 server certificate is a CA certificate (BasicConstraints: CA == TRUE !?)
[Sun Jul 14 11:13:47.838865 2024] [ssl:warn] [pid 1:tid 140570451679104] AH01909: extranet.rainbowbank.com:443:0 server certificate does NOT include an ID which matches the server name
[Sun Jul 14 11:14:26.779028 2024] [ssl:warn] [pid 1:tid 139895696746368] AH01906: extranet.rainbowbank.com:443:0 server certificate is a CA certificate (BasicConstraints: CA == TRUE !?)
[Sun Jul 14 11:14:26.779044 2024] [ssl:warn] [pid 1:tid 139895696746368] AH01909: extranet.rainbowbank.com:443:0 server certificate does NOT include an ID which matches the server name
[Sun Jul 14 11:14:26.781785 2024] [ssl:warn] [pid 1:tid 139895696746368] AH01906: extranet.rainbowbank.com:443:0 server certificate is a CA certificate (BasicConstraints: CA == TRUE !?)
[Sun Jul 14 11:14:26.781806 2024] [ssl:warn] [pid 1:tid 139895696746368] AH01909: extranet.rainbowbank.com:443:0 server certificate does NOT include an ID which matches the server name
[Sun Jul 14 11:15:03.493279 2024] [ssl:warn] [pid 1:tid 140444374972288] AH01906: extranet.rainbowbank.com:443:0 server certificate is a CA certificate (BasicConstraints: CA == TRUE !?)
[Sun Jul 14 11:15:03.493297 2024] [ssl:warn] [pid 1:tid 140444374972288] AH01909: extranet.rainbowbank.com:443:0 server certificate does NOT include an ID which matches the server name
[Sun Jul 14 11:15:03.496271 2024] [ssl:warn] [pid 1:tid 140444374972288] AH01906: extranet.rainbowbank.com:443:0 server certificate is a CA certificate (BasicConstraints: CA == TRUE !?)
[Sun Jul 14 11:15:03.496286 2024] [ssl:warn] [pid 1:tid 140444374972288] AH01909: extranet.rainbowbank.com:443:0 server certificate does NOT include an ID which matches the server name
[Sun Jul 14 11:26:41.479772 2024] [ssl:warn] [pid 1:tid 140636721219456] AH01906: extranet.rainbowbank.com:443:0 server certificate is a CA certificate (BasicConstraints: CA == TRUE !?)
[Sun Jul 14 11:26:41.479791 2024] [ssl:warn] [pid 1:tid 140636721219456] AH01909: extranet.rainbowbank.com:443:0 server certificate does NOT include an ID which matches the server name
[Sun Jul 14 11:26:41.482749 2024] [ssl:warn] [pid 1:tid 140636721219456] AH01906: extranet.rainbowbank.com:443:0 server certificate is a CA certificate (BasicConstraints: CA == TRUE !?)
[Sun Jul 14 11:26:41.482766 2024] [ssl:warn] [pid 1:tid 140636721219456] AH01909: extranet.rainbowbank.com:443:0 server certificate does NOT include an ID which matches the server name
[Sun Jul 14 12:13:26.860772 2024] [ssl:warn] [pid 1:tid 139848451987328] AH01906: extranet.rainbowbank.com:443:0 server certificate is a CA certificate (BasicConstraints: CA == TRUE !?)
[Sun Jul 14 12:13:26.860789 2024] [ssl:warn] [pid 1:tid 139848451987328] AH01909: extranet.rainbowbank.com:443:0 server certificate does NOT include an ID which matches the server name
[Sun Jul 14 12:13:26.863572 2024] [ssl:warn] [pid 1:tid 139848451987328] AH01906: extranet.rainbowbank.com:443:0 server certificate is a CA certificate (BasicConstraints: CA == TRUE !?)
[Sun Jul 14 12:13:26.863586 2024] [ssl:warn] [pid 1:tid 139848451987328] AH01909: extranet.rainbowbank.com:443:0 server certificate does NOT include an ID which matches the server name
[Sun Jul 14 12:21:15.399935 2024] [ssl:warn] [pid 1:tid 139944117135232] AH01906: extranet.rainbowbank.com:443:0 server certificate is a CA certificate (BasicConstraints: CA == TRUE !?)
[Sun Jul 14 12:21:15.399951 2024] [ssl:warn] [pid 1:tid 139944117135232] AH01909: extranet.rainbowbank.com:443:0 server certificate does NOT include an ID which matches the server name
[Sun Jul 14 12:21:15.402893 2024] [ssl:warn] [pid 1:tid 139944117135232] AH01906: extranet.rainbowbank.com:443:0 server certificate is a CA certificate (BasicConstraints: CA == TRUE !?)
[Sun Jul 14 12:21:15.402906 2024] [ssl:warn] [pid 1:tid 139944117135232] AH01909: extranet.rainbowbank.com:443:0 server certificate does NOT include an ID which matches the server name
[Sun Jul 14 12:22:48.739971 2024] [ssl:warn] [pid 1:tid 140139553535872] AH01906: extranet.rainbowbank.com:443:0 server certificate is a CA certificate (BasicConstraints: CA == TRUE !?)
[Sun Jul 14 12:22:48.739985 2024] [ssl:warn] [pid 1:tid 140139553535872] AH01909: extranet.rainbowbank.com:443:0 server certificate does NOT include an ID which matches the server name
[Sun Jul 14 12:22:48.742686 2024] [ssl:warn] [pid 1:tid 140139553535872] AH01906: extranet.rainbowbank.com:443:0 server certificate is a CA certificate (BasicConstraints: CA == TRUE !?)
[Sun Jul 14 12:22:48.742700 2024] [ssl:warn] [pid 1:tid 140139553535872] AH01909: extranet.rainbowbank.com:443:0 server certificate does NOT include an ID which matches the server name
[Sun Jul 14 12:25:07.346800 2024] [ssl:warn] [pid 1:tid 139648372049792] AH01906: extranet.rainbowbank.com:443:0 server certificate is a CA certificate (BasicConstraints: CA == TRUE !?)
[Sun Jul 14 12:25:07.346840 2024] [ssl:warn] [pid 1:tid 139648372049792] AH01909: extranet.rainbowbank.com:443:0 server certificate does NOT include an ID which matches the server name
[Sun Jul 14 12:25:07.349859 2024] [ssl:warn] [pid 1:tid 139648372049792] AH01906: extranet.rainbowbank.com:443:0 server certificate is a CA certificate (BasicConstraints: CA == TRUE !?)
[Sun Jul 14 12:25:07.349872 2024] [ssl:warn] [pid 1:tid 139648372049792] AH01909: extranet.rainbowbank.com:443:0 server certificate does NOT include an ID which matches the server name
[Sun Jul 14 14:53:43.151664 2024] [ssl:warn] [pid 1:tid 139808868820864] AH01906: extranet.rainbowbank.com:443:0 server certificate is a CA certificate (BasicConstraints: CA == TRUE !?)
[Sun Jul 14 14:53:43.151684 2024] [ssl:warn] [pid 1:tid 139808868820864] AH01909: extranet.rainbowbank.com:443:0 server certificate does NOT include an ID which matches the server name
[Sun Jul 14 14:53:43.154733 2024] [ssl:warn] [pid 1:tid 139808868820864] AH01906: extranet.rainbowbank.com:443:0 server certificate is a CA certificate (BasicConstraints: CA == TRUE !?)
[Sun Jul 14 14:53:43.154748 2024] [ssl:warn] [pid 1:tid 139808868820864] AH01909: extranet.rainbowbank.com:443:0 server certificate does NOT include an ID which matches the server name
[Sun Jul 14 14:57:22.657324 2024] [ssl:warn] [pid 1:tid 140083931629440] AH01906: extranet.rainbowbank.com:443:0 server certificate is a CA certificate (BasicConstraints: CA == TRUE !?)
[Sun Jul 14 14:57:22.657340 2024] [ssl:warn] [pid 1:tid 140083931629440] AH01909: extranet.rainbowbank.com:443:0 server certificate does NOT include an ID which matches the server name
[Sun Jul 14 14:57:22.660054 2024] [ssl:warn] [pid 1:tid 140083931629440] AH01906: extranet.rainbowbank.com:443:0 server certificate is a CA certificate (BasicConstraints: CA == TRUE !?)
[Sun Jul 14 14:57:22.660067 2024] [ssl:warn] [pid 1:tid 140083931629440] AH01909: extranet.rainbowbank.com:443:0 server certificate does NOT include an ID which matches the server name
[Sun Jul 14 15:01:21.701221 2024] [ssl:warn] [pid 1:tid 140647810414464] AH01906: extranet.rainbowbank.com:443:0 server certificate is a CA certificate (BasicConstraints: CA == TRUE !?)
[Sun Jul 14 15:01:21.701241 2024] [ssl:warn] [pid 1:tid 140647810414464] AH01909: extranet.rainbowbank.com:443:0 server certificate does NOT include an ID which matches the server name
[Sun Jul 14 15:01:21.716076 2024] [ssl:warn] [pid 1:tid 140647810414464] AH01906: extranet.rainbowbank.com:443:0 server certificate is a CA certificate (BasicConstraints: CA == TRUE !?)
[Sun Jul 14 15:01:21.716091 2024] [ssl:warn] [pid 1:tid 140647810414464] AH01909: extranet.rainbowbank.com:443:0 server certificate does NOT include an ID which matches the server name
[Mon Jul 15 09:13:24.327010 2024] [ssl:warn] [pid 1:tid 139851259852672] AH01906: extranet.rainbowbank.com:443:0 server certificate is a CA certificate (BasicConstraints: CA == TRUE !?)
[Mon Jul 15 09:13:24.327034 2024] [ssl:warn] [pid 1:tid 139851259852672] AH01909: extranet.rainbowbank.com:443:0 server certificate does NOT include an ID which matches the server name
[Mon Jul 15 09:13:24.330102 2024] [ssl:warn] [pid 1:tid 139851259852672] AH01906: extranet.rainbowbank.com:443:0 server certificate is a CA certificate (BasicConstraints: CA == TRUE !?)
[Mon Jul 15 09:13:24.330114 2024] [ssl:warn] [pid 1:tid 139851259852672] AH01909: extranet.rainbowbank.com:443:0 server certificate does NOT include an ID which matches the server name
[Mon Jul 15 09:25:46.282054 2024] [ssl:warn] [pid 1:tid 140044675733376] AH01906: extranet.rainbowbank.com:443:0 server certificate is a CA certificate (BasicConstraints: CA == TRUE !?)
[Mon Jul 15 09:25:46.282070 2024] [ssl:warn] [pid 1:tid 140044675733376] AH01909: extranet.rainbowbank.com:443:0 server certificate does NOT include an ID which matches the server name
[Mon Jul 15 09:25:46.285000 2024] [ssl:warn] [pid 1:tid 140044675733376] AH01906: extranet.rainbowbank.com:443:0 server certificate is a CA certificate (BasicConstraints: CA == TRUE !?)
[Mon Jul 15 09:25:46.285024 2024] [ssl:warn] [pid 1:tid 140044675733376] AH01909: extranet.rainbowbank.com:443:0 server certificate does NOT include an ID which matches the server name
[Mon Jul 15 09:57:59.513121 2024] [ssl:warn] [pid 1:tid 140109010810752] AH01906: extranet.rainbowbank.com:443:0 server certificate is a CA certificate (BasicConstraints: CA == TRUE !?)
[Mon Jul 15 09:57:59.513138 2024] [ssl:warn] [pid 1:tid 140109010810752] AH01909: extranet.rainbowbank.com:443:0 server certificate does NOT include an ID which matches the server name
[Mon Jul 15 09:57:59.516228 2024] [ssl:warn] [pid 1:tid 140109010810752] AH01906: extranet.rainbowbank.com:443:0 server certificate is a CA certificate (BasicConstraints: CA == TRUE !?)
[Mon Jul 15 09:57:59.516242 2024] [ssl:warn] [pid 1:tid 140109010810752] AH01909: extranet.rainbowbank.com:443:0 server certificate does NOT include an ID which matches the server name
[Mon Jul 15 10:51:58.789205 2024] [ssl:warn] [pid 1:tid 139961702037376] AH01906: extranet.rainbowbank.com:443:0 server certificate is a CA certificate (BasicConstraints: CA == TRUE !?)
[Mon Jul 15 10:51:58.789223 2024] [ssl:warn] [pid 1:tid 139961702037376] AH01909: extranet.rainbowbank.com:443:0 server certificate does NOT include an ID which matches the server name
[Mon Jul 15 10:51:58.793536 2024] [ssl:warn] [pid 1:tid 139961702037376] AH01906: extranet.rainbowbank.com:443:0 server certificate is a CA certificate (BasicConstraints: CA == TRUE !?)
[Mon Jul 15 10:51:58.793553 2024] [ssl:warn] [pid 1:tid 139961702037376] AH01909: extranet.rainbowbank.com:443:0 server certificate does NOT include an ID which matches the server name
[Mon Jul 15 10:52:35.236611 2024] [ssl:warn] [pid 1:tid 139912480479104] AH01906: extranet.rainbowbank.com:443:0 server certificate is a CA certificate (BasicConstraints: CA == TRUE !?)
[Mon Jul 15 10:52:35.236627 2024] [ssl:warn] [pid 1:tid 139912480479104] AH01909: extranet.rainbowbank.com:443:0 server certificate does NOT include an ID which matches the server name
[Mon Jul 15 10:52:35.239854 2024] [ssl:warn] [pid 1:tid 139912480479104] AH01906: extranet.rainbowbank.com:443:0 server certificate is a CA certificate (BasicConstraints: CA == TRUE !?)
[Mon Jul 15 10:52:35.239867 2024] [ssl:warn] [pid 1:tid 139912480479104] AH01909: extranet.rainbowbank.com:443:0 server certificate does NOT include an ID which matches the server name
[Mon Jul 15 10:59:51.489190 2024] [ssl:warn] [pid 1:tid 140543416145792] AH01906: extranet.rainbowbank.com:443:0 server certificate is a CA certificate (BasicConstraints: CA == TRUE !?)
[Mon Jul 15 10:59:51.489208 2024] [ssl:warn] [pid 1:tid 140543416145792] AH01909: extranet.rainbowbank.com:443:0 server certificate does NOT include an ID which matches the server name
[Mon Jul 15 10:59:51.491989 2024] [ssl:warn] [pid 1:tid 140543416145792] AH01906: extranet.rainbowbank.com:443:0 server certificate is a CA certificate (BasicConstraints: CA == TRUE !?)
[Mon Jul 15 10:59:51.492002 2024] [ssl:warn] [pid 1:tid 140543416145792] AH01909: extranet.rainbowbank.com:443:0 server certificate does NOT include an ID which matches the server name
[Mon Jul 15 11:08:07.113113 2024] [ssl:warn] [pid 1:tid 139675205879680] AH01906: extranet.rainbowbank.com:443:0 server certificate is a CA certificate (BasicConstraints: CA == TRUE !?)
[Mon Jul 15 11:08:07.113134 2024] [ssl:warn] [pid 1:tid 139675205879680] AH01909: extranet.rainbowbank.com:443:0 server certificate does NOT include an ID which matches the server name
[Mon Jul 15 11:08:07.116146 2024] [ssl:warn] [pid 1:tid 139675205879680] AH01906: extranet.rainbowbank.com:443:0 server certificate is a CA certificate (BasicConstraints: CA == TRUE !?)
[Mon Jul 15 11:08:07.116161 2024] [ssl:warn] [pid 1:tid 139675205879680] AH01909: extranet.rainbowbank.com:443:0 server certificate does NOT include an ID which matches the server name
[Mon Jul 15 11:20:59.036434 2024] [ssl:warn] [pid 1:tid 139978196858752] AH01906: extranet.rainbowbank.com:443:0 server certificate is a CA certificate (BasicConstraints: CA == TRUE !?)
[Mon Jul 15 11:20:59.036466 2024] [ssl:warn] [pid 1:tid 139978196858752] AH01909: extranet.rainbowbank.com:443:0 server certificate does NOT include an ID which matches the server name
[Mon Jul 15 11:20:59.040320 2024] [ssl:warn] [pid 1:tid 139978196858752] AH01906: extranet.rainbowbank.com:443:0 server certificate is a CA certificate (BasicConstraints: CA == TRUE !?)
[Mon Jul 15 11:20:59.040339 2024] [ssl:warn] [pid 1:tid 139978196858752] AH01909: extranet.rainbowbank.com:443:0 server certificate does NOT include an ID which matches the server name
[Mon Jul 15 11:31:01.293959 2024] [ssl:warn] [pid 1:tid 140164556466048] AH01906: extranet.rainbowbank.com:443:0 server certificate is a CA certificate (BasicConstraints: CA == TRUE !?)
[Mon Jul 15 11:31:01.293976 2024] [ssl:warn] [pid 1:tid 140164556466048] AH01909: extranet.rainbowbank.com:443:0 server certificate does NOT include an ID which matches the server name
[Mon Jul 15 11:31:01.297243 2024] [ssl:warn] [pid 1:tid 140164556466048] AH01906: extranet.rainbowbank.com:443:0 server certificate is a CA certificate (BasicConstraints: CA == TRUE !?)
[Mon Jul 15 11:31:01.297256 2024] [ssl:warn] [pid 1:tid 140164556466048] AH01909: extranet.rainbowbank.com:443:0 server certificate does NOT include an ID which matches the server name
[Mon Jul 15 11:35:21.043903 2024] [ssl:warn] [pid 1:tid 140533318596480] AH01906: extranet.rainbowbank.com:443:0 server certificate is a CA certificate (BasicConstraints: CA == TRUE !?)
[Mon Jul 15 11:35:21.043919 2024] [ssl:warn] [pid 1:tid 140533318596480] AH01909: extranet.rainbowbank.com:443:0 server certificate does NOT include an ID which matches the server name
[Mon Jul 15 11:35:21.046583 2024] [ssl:warn] [pid 1:tid 140533318596480] AH01906: extranet.rainbowbank.com:443:0 server certificate is a CA certificate (BasicConstraints: CA == TRUE !?)
[Mon Jul 15 11:35:21.046596 2024] [ssl:warn] [pid 1:tid 140533318596480] AH01909: extranet.rainbowbank.com:443:0 server certificate does NOT include an ID which matches the server name
[Mon Jul 15 11:37:20.573444 2024] [ssl:warn] [pid 1:tid 140032771155840] AH01906: extranet.rainbowbank.com:443:0 server certificate is a CA certificate (BasicConstraints: CA == TRUE !?)
[Mon Jul 15 11:37:20.573468 2024] [ssl:warn] [pid 1:tid 140032771155840] AH01909: extranet.rainbowbank.com:443:0 server certificate does NOT include an ID which matches the server name
[Mon Jul 15 11:37:20.577997 2024] [ssl:warn] [pid 1:tid 140032771155840] AH01906: extranet.rainbowbank.com:443:0 server certificate is a CA certificate (BasicConstraints: CA == TRUE !?)
[Mon Jul 15 11:37:20.578017 2024] [ssl:warn] [pid 1:tid 140032771155840] AH01909: extranet.rainbowbank.com:443:0 server certificate does NOT include an ID which matches the server name
[Mon Jul 15 12:52:34.149570 2024] [ssl:warn] [pid 1:tid 140377373017984] AH01906: extranet.rainbowbank.com:443:0 server certificate is a CA certificate (BasicConstraints: CA == TRUE !?)
[Mon Jul 15 12:52:34.149586 2024] [ssl:warn] [pid 1:tid 140377373017984] AH01909: extranet.rainbowbank.com:443:0 server certificate does NOT include an ID which matches the server name
[Mon Jul 15 12:52:34.152442 2024] [ssl:warn] [pid 1:tid 140377373017984] AH01906: extranet.rainbowbank.com:443:0 server certificate is a CA certificate (BasicConstraints: CA == TRUE !?)
[Mon Jul 15 12:52:34.152455 2024] [ssl:warn] [pid 1:tid 140377373017984] AH01909: extranet.rainbowbank.com:443:0 server certificate does NOT include an ID which matches the server name
[Mon Jul 15 13:07:42.245503 2024] [ssl:warn] [pid 1:tid 140146457790336] AH01906: extranet.rainbowbank.com:443:0 server certificate is a CA certificate (BasicConstraints: CA == TRUE !?)
[Mon Jul 15 13:07:42.245523 2024] [ssl:warn] [pid 1:tid 140146457790336] AH01909: extranet.rainbowbank.com:443:0 server certificate does NOT include an ID which matches the server name
[Mon Jul 15 13:07:42.249016 2024] [ssl:warn] [pid 1:tid 140146457790336] AH01906: extranet.rainbowbank.com:443:0 server certificate is a CA certificate (BasicConstraints: CA == TRUE !?)
[Mon Jul 15 13:07:42.249034 2024] [ssl:warn] [pid 1:tid 140146457790336] AH01909: extranet.rainbowbank.com:443:0 server certificate does NOT include an ID which matches the server name
[Mon Jul 15 13:11:16.681594 2024] [ssl:warn] [pid 1:tid 140073618179968] AH01906: extranet.rainbowbank.com:443:0 server certificate is a CA certificate (BasicConstraints: CA == TRUE !?)
[Mon Jul 15 13:11:16.681609 2024] [ssl:warn] [pid 1:tid 140073618179968] AH01909: extranet.rainbowbank.com:443:0 server certificate does NOT include an ID which matches the server name
[Mon Jul 15 13:11:16.684622 2024] [ssl:warn] [pid 1:tid 140073618179968] AH01906: extranet.rainbowbank.com:443:0 server certificate is a CA certificate (BasicConstraints: CA == TRUE !?)
[Mon Jul 15 13:11:16.684636 2024] [ssl:warn] [pid 1:tid 140073618179968] AH01909: extranet.rainbowbank.com:443:0 server certificate does NOT include an ID which matches the server name
[Mon Jul 15 13:12:02.093420 2024] [ssl:warn] [pid 1:tid 139829309724544] AH01906: extranet.rainbowbank.com:443:0 server certificate is a CA certificate (BasicConstraints: CA == TRUE !?)
[Mon Jul 15 13:12:02.093435 2024] [ssl:warn] [pid 1:tid 139829309724544] AH01909: extranet.rainbowbank.com:443:0 server certificate does NOT include an ID which matches the server name
[Mon Jul 15 13:12:02.096250 2024] [ssl:warn] [pid 1:tid 139829309724544] AH01906: extranet.rainbowbank.com:443:0 server certificate is a CA certificate (BasicConstraints: CA == TRUE !?)
[Mon Jul 15 13:12:02.096262 2024] [ssl:warn] [pid 1:tid 139829309724544] AH01909: extranet.rainbowbank.com:443:0 server certificate does NOT include an ID which matches the server name
[Mon Jul 15 13:28:21.047899 2024] [ssl:warn] [pid 1:tid 140253563864960] AH01906: extranet.rainbowbank.com:443:0 server certificate is a CA certificate (BasicConstraints: CA == TRUE !?)
[Mon Jul 15 13:28:21.047915 2024] [ssl:warn] [pid 1:tid 140253563864960] AH01909: extranet.rainbowbank.com:443:0 server certificate does NOT include an ID which matches the server name
[Mon Jul 15 13:28:21.050673 2024] [ssl:warn] [pid 1:tid 140253563864960] AH01906: extranet.rainbowbank.com:443:0 server certificate is a CA certificate (BasicConstraints: CA == TRUE !?)
[Mon Jul 15 13:28:21.050686 2024] [ssl:warn] [pid 1:tid 140253563864960] AH01909: extranet.rainbowbank.com:443:0 server certificate does NOT include an ID which matches the server name
[Mon Jul 15 13:40:21.416450 2024] [ssl:warn] [pid 1:tid 140242252138368] AH01906: extranet.rainbowbank.com:443:0 server certificate is a CA certificate (BasicConstraints: CA == TRUE !?)
[Mon Jul 15 13:40:21.416466 2024] [ssl:warn] [pid 1:tid 140242252138368] AH01909: extranet.rainbowbank.com:443:0 server certificate does NOT include an ID which matches the server name
[Mon Jul 15 13:40:21.419271 2024] [ssl:warn] [pid 1:tid 140242252138368] AH01906: extranet.rainbowbank.com:443:0 server certificate is a CA certificate (BasicConstraints: CA == TRUE !?)
[Mon Jul 15 13:40:21.419284 2024] [ssl:warn] [pid 1:tid 140242252138368] AH01909: extranet.rainbowbank.com:443:0 server certificate does NOT include an ID which matches the server name
[Mon Jul 15 13:51:51.423958 2024] [ssl:warn] [pid 1:tid 140137712043904] AH01906: extranet.rainbowbank.com:443:0 server certificate is a CA certificate (BasicConstraints: CA == TRUE !?)
[Mon Jul 15 13:51:51.423975 2024] [ssl:warn] [pid 1:tid 140137712043904] AH01909: extranet.rainbowbank.com:443:0 server certificate does NOT include an ID which matches the server name
[Mon Jul 15 13:51:51.426917 2024] [ssl:warn] [pid 1:tid 140137712043904] AH01906: extranet.rainbowbank.com:443:0 server certificate is a CA certificate (BasicConstraints: CA == TRUE !?)
[Mon Jul 15 13:51:51.426930 2024] [ssl:warn] [pid 1:tid 140137712043904] AH01909: extranet.rainbowbank.com:443:0 server certificate does NOT include an ID which matches the server name
[Mon Jul 15 14:06:08.778490 2024] [ssl:warn] [pid 1:tid 140275628623744] AH01906: extranet.rainbowbank.com:443:0 server certificate is a CA certificate (BasicConstraints: CA == TRUE !?)
[Mon Jul 15 14:06:08.778509 2024] [ssl:warn] [pid 1:tid 140275628623744] AH01909: extranet.rainbowbank.com:443:0 server certificate does NOT include an ID which matches the server name
[Mon Jul 15 14:06:08.781820 2024] [ssl:warn] [pid 1:tid 140275628623744] AH01906: extranet.rainbowbank.com:443:0 server certificate is a CA certificate (BasicConstraints: CA == TRUE !?)
[Mon Jul 15 14:06:08.781832 2024] [ssl:warn] [pid 1:tid 140275628623744] AH01909: extranet.rainbowbank.com:443:0 server certificate does NOT include an ID which matches the server name
[Mon Jul 15 14:32:40.257022 2024] [ssl:warn] [pid 1:tid 139872170334080] AH01906: extranet.rainbowbank.com:443:0 server certificate is a CA certificate (BasicConstraints: CA == TRUE !?)
[Mon Jul 15 14:32:40.257037 2024] [ssl:warn] [pid 1:tid 139872170334080] AH01909: extranet.rainbowbank.com:443:0 server certificate does NOT include an ID which matches the server name
[Mon Jul 15 14:32:40.259678 2024] [ssl:warn] [pid 1:tid 139872170334080] AH01906: extranet.rainbowbank.com:443:0 server certificate is a CA certificate (BasicConstraints: CA == TRUE !?)
[Mon Jul 15 14:32:40.259691 2024] [ssl:warn] [pid 1:tid 139872170334080] AH01909: extranet.rainbowbank.com:443:0 server certificate does NOT include an ID which matches the server name
[Mon Jul 15 14:48:11.026560 2024] [ssl:warn] [pid 1:tid 139762955995008] AH01906: extranet.rainbowbank.com:443:0 server certificate is a CA certificate (BasicConstraints: CA == TRUE !?)
[Mon Jul 15 14:48:11.026578 2024] [ssl:warn] [pid 1:tid 139762955995008] AH01909: extranet.rainbowbank.com:443:0 server certificate does NOT include an ID which matches the server name
[Mon Jul 15 14:48:11.029372 2024] [ssl:warn] [pid 1:tid 139762955995008] AH01906: extranet.rainbowbank.com:443:0 server certificate is a CA certificate (BasicConstraints: CA == TRUE !?)
[Mon Jul 15 14:48:11.029385 2024] [ssl:warn] [pid 1:tid 139762955995008] AH01909: extranet.rainbowbank.com:443:0 server certificate does NOT include an ID which matches the server name
[Mon Jul 15 15:03:53.568092 2024] [ssl:warn] [pid 1:tid 140628698597248] AH01906: extranet.rainbowbank.com:443:0 server certificate is a CA certificate (BasicConstraints: CA == TRUE !?)
[Mon Jul 15 15:03:53.568108 2024] [ssl:warn] [pid 1:tid 140628698597248] AH01909: extranet.rainbowbank.com:443:0 server certificate does NOT include an ID which matches the server name
[Mon Jul 15 15:03:53.570909 2024] [ssl:warn] [pid 1:tid 140628698597248] AH01906: extranet.rainbowbank.com:443:0 server certificate is a CA certificate (BasicConstraints: CA == TRUE !?)
[Mon Jul 15 15:03:53.570923 2024] [ssl:warn] [pid 1:tid 140628698597248] AH01909: extranet.rainbowbank.com:443:0 server certificate does NOT include an ID which matches the server name
[Mon Jul 15 15:07:46.209059 2024] [ssl:warn] [pid 1:tid 140061233039232] AH01906: extranet.rainbowbank.com:443:0 server certificate is a CA certificate (BasicConstraints: CA == TRUE !?)
[Mon Jul 15 15:07:46.209078 2024] [ssl:warn] [pid 1:tid 140061233039232] AH01909: extranet.rainbowbank.com:443:0 server certificate does NOT include an ID which matches the server name
[Mon Jul 15 15:07:46.212050 2024] [ssl:warn] [pid 1:tid 140061233039232] AH01906: extranet.rainbowbank.com:443:0 server certificate is a CA certificate (BasicConstraints: CA == TRUE !?)
[Mon Jul 15 15:07:46.212064 2024] [ssl:warn] [pid 1:tid 140061233039232] AH01909: extranet.rainbowbank.com:443:0 server certificate does NOT include an ID which matches the server name
[Mon Jul 15 17:43:44.224883 2024] [ssl:warn] [pid 1:tid 139861079623552] AH01906: extranet.rainbowbank.com:443:0 server certificate is a CA certificate (BasicConstraints: CA == TRUE !?)
[Mon Jul 15 17:43:44.224996 2024] [ssl:warn] [pid 1:tid 139861079623552] AH01909: extranet.rainbowbank.com:443:0 server certificate does NOT include an ID which matches the server name
[Mon Jul 15 17:43:44.227858 2024] [ssl:warn] [pid 1:tid 139861079623552] AH01906: extranet.rainbowbank.com:443:0 server certificate is a CA certificate (BasicConstraints: CA == TRUE !?)
[Mon Jul 15 17:43:44.227868 2024] [ssl:warn] [pid 1:tid 139861079623552] AH01909: extranet.rainbowbank.com:443:0 server certificate does NOT include an ID which matches the server name
[Mon Jul 15 18:37:22.275794 2024] [ssl:warn] [pid 1:tid 139940227266432] AH01906: extranet.rainbowbank.com:443:0 server certificate is a CA certificate (BasicConstraints: CA == TRUE !?)
[Mon Jul 15 18:37:22.275810 2024] [ssl:warn] [pid 1:tid 139940227266432] AH01909: extranet.rainbowbank.com:443:0 server certificate does NOT include an ID which matches the server name
[Mon Jul 15 18:37:22.280072 2024] [ssl:warn] [pid 1:tid 139940227266432] AH01906: extranet.rainbowbank.com:443:0 server certificate is a CA certificate (BasicConstraints: CA == TRUE !?)
[Mon Jul 15 18:37:22.280088 2024] [ssl:warn] [pid 1:tid 139940227266432] AH01909: extranet.rainbowbank.com:443:0 server certificate does NOT include an ID which matches the server name
